Log file open, 11/14/17 10:06:43
LogWindows: Failed to load 'aqProf.dll' (GetLastError=126)
LogWindows: File 'aqProf.dll' does not exist
LogWindows: Failed to load 'VtuneApi.dll' (GetLastError=126)
LogWindows: File 'VtuneApi.dll' does not exist
LogWindows: Failed to load 'VtuneApi32e.dll' (GetLastError=126)
LogWindows: File 'VtuneApi32e.dll' does not exist
LogInit: Display: Running engine for game: CaveManVsAliens
LogPlatformFile: Not using cached read wrapper
LogInit: Display: RandInit(653174361) SRandInit(653174361).
LogInit: Read version file with build ID '3709383'
LogInit: Overriding engine version to CL 3709383, compatible CL 3709383
LogInit: Registered custom module enumerator with build ID '3709383'
LogTaskGraph: Started task graph with 5 named threads and 11 total threads with 3 sets of task threads.
LogStats: Stats thread started at 0.172379
LogD3D11RHI: Aftermath initialized
LogModuleManager: Display: Found up-to-date module file ../../../Engine/Plugins/2D/Paper2D/Binaries/Win64/UE4Editor-Paper2D.dll (API version 3709383).
LogModuleManager: Display: Found up-to-date module file ../../../Engine/Plugins/2D/Paper2D/Binaries/Win64/UE4Editor-Paper2DEditor.dll (API version 3709383).
LogModuleManager: Display: Found up-to-date module file ../../../Engine/Plugins/2D/Paper2D/Binaries/Win64/UE4Editor-PaperSpriteSheetImporter.dll (API version 3709383).
LogModuleManager: Display: Found up-to-date module file ../../../Engine/Plugins/2D/Paper2D/Binaries/Win64/UE4Editor-PaperTiledImporter.dll (API version 3709383).
LogModuleManager: Display: Found up-to-date module file ../../../Engine/Plugins/2D/Paper2D/Binaries/Win64/UE4Editor-SmartSnapping.dll (API version 3709383).
LogModuleManager: Display: Found up-to-date module file ../../../Engine/Plugins/Blendables/LightPropagationVolume/Binaries/Win64/UE4Editor-LightPropagationVolumeRuntime.dll (API version 3709383).
LogModuleManager: Display: Found up-to-date module file ../../../Engine/Plugins/Blendables/LightPropagationVolume/Binaries/Win64/UE4Editor-LightPropagationVolumeEditor.dll (API version 3709383).
LogModuleManager: Display: Found up-to-date module file ../../../Engine/Plugins/Developer/GitSourceControl/Binaries/Win64/UE4Editor-GitSourceControl.dll (API version 3709383).
LogModuleManager: Display: Found up-to-date module file ../../../Engine/Plugins/Developer/PerforceSourceControl/Binaries/Win64/UE4Editor-PerforceSourceControl.dll (API version 3709383).
LogModuleManager: Display: Found up-to-date module file ../../../Engine/Plugins/Developer/SubversionSourceControl/Binaries/Win64/UE4Editor-SubversionSourceControl.dll (API version 3709383).
LogModuleManager: Display: Found up-to-date module file ../../../Engine/Plugins/Developer/UObjectPlugin/Binaries/Win64/UE4Editor-UObjectPlugin.dll (API version 3709383).
LogModuleManager: Display: Found up-to-date module file ../../../Engine/Plugins/Developer/VisualStudioCodeSourceCodeAccess/Binaries/Win64/UE4Editor-VisualStudioCodeSourceCodeAccess.dll (API version 3709383).
LogModuleManager: Display: Found up-to-date module file ../../../Engine/Plugins/Developer/VisualStudioSourceCodeAccess/Binaries/Win64/UE4Editor-VisualStudioSourceCodeAccess.dll (API version 3709383).
LogModuleManager: Display: Found up-to-date module file ../../../Engine/Plugins/Editor/AssetManagerEditor/Binaries/Win64/UE4Editor-AssetManagerEditor.dll (API version 3709383).
LogModuleManager: Display: Found up-to-date module file ../../../Engine/Plugins/Editor/AudioCapture/Binaries/Win64/UE4Editor-AudioCapture.dll (API version 3709383).
LogModuleManager: Display: Found up-to-date module file ../../../Engine/Plugins/Editor/FacialAnimation/Binaries/Win64/UE4Editor-FacialAnimation.dll (API version 3709383).
LogModuleManager: Display: Found up-to-date module file ../../../Engine/Plugins/Editor/FacialAnimation/Binaries/Win64/UE4Editor-FacialAnimationEditor.dll (API version 3709383).
LogModuleManager: Display: Found up-to-date module file ../../../Engine/Plugins/Editor/GameplayTagsEditor/Binaries/Win64/UE4Editor-GameplayTagsEditor.dll (API version 3709383).
LogModuleManager: Display: Found up-to-date module file ../../../Engine/Plugins/Editor/MobileLauncherProfileWizard/Binaries/Win64/UE4Editor-MobileLauncherProfileWizard.dll (API version 3709383).
LogModuleManager: Display: Found up-to-date module file ../../../Engine/Plugins/Editor/PluginBrowser/Binaries/Win64/UE4Editor-PluginBrowser.dll (API version 3709383).
LogModuleManager: Display: Found up-to-date module file ../../../Engine/Plugins/Editor/SpeedTreeImporter/Binaries/Win64/UE4Editor-SpeedTreeImporter.dll (API version 3709383).
LogModuleManager: Display: Found up-to-date module file ../../../Engine/Plugins/Experimental/AlembicImporter/Binaries/Win64/UE4Editor-AlembicImporter.dll (API version 3709383).
LogModuleManager: Display: Found up-to-date module file ../../../Engine/Plugins/Experimental/AlembicImporter/Binaries/Win64/UE4Editor-AlembicLibrary.dll (API version 3709383).
LogModuleManager: Display: Found up-to-date module file ../../../Engine/Plugins/Experimental/CharacterAI/Binaries/Win64/UE4Editor-CharacterAI.dll (API version 3709383).
LogModuleManager: Display: Found up-to-date module file ../../../Engine/Plugins/Experimental/HTML5Networking/Binaries/Win64/UE4Editor-HTML5Networking.dll (API version 3709383).
LogModuleManager: Display: Found up-to-date module file ../../../Engine/Plugins/Media/AndroidMedia/Binaries/Win64/UE4Editor-AndroidMediaEditor.dll (API version 3709383).
LogModuleManager: Display: Found up-to-date module file ../../../Engine/Plugins/Media/AndroidMedia/Binaries/Win64/UE4Editor-AndroidMediaFactory.dll (API version 3709383).
LogModuleManager: Display: Found up-to-date module file ../../../Engine/Plugins/Media/AvfMedia/Binaries/Win64/UE4Editor-AvfMediaEditor.dll (API version 3709383).
LogModuleManager: Display: Found up-to-date module file ../../../Engine/Plugins/Media/AvfMedia/Binaries/Win64/UE4Editor-AvfMediaFactory.dll (API version 3709383).
LogModuleManager: Display: Found up-to-date module file ../../../Engine/Plugins/Media/AvfMedia/Binaries/Win64/UE4Editor-AvfMediaFactory.dll (API version 3709383).
LogModuleManager: Display: Found up-to-date module file ../../../Engine/Plugins/Media/ImgMedia/Binaries/Win64/UE4Editor-ImgMedia.dll (API version 3709383).
LogModuleManager: Display: Found up-to-date module file ../../../Engine/Plugins/Media/ImgMedia/Binaries/Win64/UE4Editor-ImgMediaEditor.dll (API version 3709383).
LogModuleManager: Display: Found up-to-date module file ../../../Engine/Plugins/Media/ImgMedia/Binaries/Win64/UE4Editor-ImgMediaFactory.dll (API version 3709383).
LogModuleManager: Display: Found up-to-date module file ../../../Engine/Plugins/Media/ImgMedia/Binaries/Win64/UE4Editor-ImgMediaFactory.dll (API version 3709383).
LogModuleManager: Display: Found up-to-date module file ../../../Engine/Plugins/Media/ImgMedia/Binaries/Win64/UE4Editor-OpenExrWrapper.dll (API version 3709383).
LogModuleManager: Display: Found up-to-date module file ../../../Engine/Plugins/Media/MediaCompositing/Binaries/Win64/UE4Editor-MediaCompositing.dll (API version 3709383).
LogModuleManager: Display: Found up-to-date module file ../../../Engine/Plugins/Media/MediaCompositing/Binaries/Win64/UE4Editor-MediaCompositingEditor.dll (API version 3709383).
LogModuleManager: Display: Found up-to-date module file ../../../Engine/Plugins/Media/MediaPlayerEditor/Binaries/Win64/UE4Editor-MediaPlayerEditor.dll (API version 3709383).
LogModuleManager: Display: Found up-to-date module file ../../../Engine/Plugins/Media/WmfMedia/Binaries/Win64/UE4Editor-WmfMedia.dll (API version 3709383).
LogModuleManager: Display: Found up-to-date module file ../../../Engine/Plugins/Media/WmfMedia/Binaries/Win64/UE4Editor-WmfMediaEditor.dll (API version 3709383).
LogModuleManager: Display: Found up-to-date module file ../../../Engine/Plugins/Media/WmfMedia/Binaries/Win64/UE4Editor-WmfMediaFactory.dll (API version 3709383).
LogModuleManager: Display: Found up-to-date module file ../../../Engine/Plugins/Media/WmfMedia/Binaries/Win64/UE4Editor-WmfMediaFactory.dll (API version 3709383).
LogModuleManager: Display: Found up-to-date module file ../../../Engine/Plugins/Messaging/TcpMessaging/Binaries/Win64/UE4Editor-TcpMessaging.dll (API version 3709383).
LogModuleManager: Display: Found up-to-date module file ../../../Engine/Plugins/Messaging/UdpMessaging/Binaries/Win64/UE4Editor-UdpMessaging.dll (API version 3709383).
LogModuleManager: Display: Found up-to-date module file ../../../Engine/Plugins/MovieScene/ActorSequence/Binaries/Win64/UE4Editor-ActorSequence.dll (API version 3709383).
LogModuleManager: Display: Found up-to-date module file ../../../Engine/Plugins/MovieScene/LevelSequenceEditor/Binaries/Win64/UE4Editor-LevelSequenceEditor.dll (API version 3709383).
LogModuleManager: Display: Found up-to-date module file ../../../Engine/Plugins/MovieScene/MatineeToLevelSequence/Binaries/Win64/UE4Editor-MatineeToLevelSequence.dll (API version 3709383).
LogModuleManager: Display: Found up-to-date module file ../../../Engine/Plugins/Online/OnlineSubsystem/Binaries/Win64/UE4Editor-OnlineSubsystem.dll (API version 3709383).
LogModuleManager: Display: Found up-to-date module file ../../../Engine/Plugins/Runtime/AndroidPermission/Binaries/Win64/UE4Editor-AndroidPermission.dll (API version 3709383).
LogModuleManager: Display: Found up-to-date module file ../../../Engine/Plugins/Online/OnlineSubsystemNull/Binaries/Win64/UE4Editor-OnlineSubsystemNull.dll (API version 3709383).
LogModuleManager: Display: Found up-to-date module file ../../../Engine/Plugins/Online/OnlineSubsystemUtils/Binaries/Win64/UE4Editor-OnlineSubsystemUtils.dll (API version 3709383).
LogModuleManager: Display: Found up-to-date module file ../../../Engine/Plugins/Online/OnlineSubsystemUtils/Binaries/Win64/UE4Editor-OnlineBlueprintSupport.dll (API version 3709383).
LogModuleManager: Display: Found up-to-date module file ../../../Engine/Plugins/Runtime/AndroidDeviceProfileSelector/Binaries/Win64/UE4Editor-AndroidDeviceProfileSelector.dll (API version 3709383).
LogModuleManager: Display: Found up-to-date module file ../../../Engine/Plugins/Runtime/AppleARKit/Binaries/Win64/UE4Editor-AppleARKit.dll (API version 3709383).
LogModuleManager: Display: Found up-to-date module file ../../../Engine/Plugins/Runtime/ArchVisCharacter/Binaries/Win64/UE4Editor-ArchVisCharacter.dll (API version 3709383).
LogModuleManager: Display: Found up-to-date module file ../../../Engine/Plugins/Runtime/CableComponent/Binaries/Win64/UE4Editor-CableComponent.dll (API version 3709383).
LogModuleManager: Display: Found up-to-date module file ../../../Engine/Plugins/Runtime/CustomMeshComponent/Binaries/Win64/UE4Editor-CustomMeshComponent.dll (API version 3709383).
LogModuleManager: Display: Found up-to-date module file ../../../Engine/Plugins/Runtime/ExampleDeviceProfileSelector/Binaries/Win64/UE4Editor-ExampleDeviceProfileSelector.dll (API version 3709383).
LogModuleManager: Display: Found up-to-date module file ../../../Engine/Plugins/Runtime/ImmediatePhysics/Binaries/Win64/UE4Editor-ImmediatePhysics.dll (API version 3709383).
LogModuleManager: Display: Found up-to-date module file ../../../Engine/Plugins/Runtime/ImmediatePhysics/Binaries/Win64/UE4Editor-ImmediatePhysicsEditor.dll (API version 3709383).
LogModuleManager: Display: Found up-to-date module file ../../../Engine/Plugins/Runtime/LocationServicesBPLibrary/Binaries/Win64/UE4Editor-LocationServicesBPLibrary.dll (API version 3709383).
LogModuleManager: Display: Found up-to-date module file ../../../Engine/Plugins/Runtime/MobilePatchingUtils/Binaries/Win64/UE4Editor-MobilePatchingUtils.dll (API version 3709383).
LogModuleManager: Display: Found up-to-date module file ../../../Engine/Plugins/Runtime/Oculus/OculusVR/Binaries/Win64/UE4Editor-OculusHMD.dll (API version 3709383).
LogModuleManager: Display: Found up-to-date module file ../../../Engine/Plugins/Runtime/Oculus/OculusVR/Binaries/Win64/UE4Editor-OculusInput.dll (API version 3709383).
LogModuleManager: Display: Found up-to-date module file ../../../Engine/Plugins/Runtime/Oculus/OculusVR/Binaries/Win64/UE4Editor-OculusEditor.dll (API version 3709383).
LogModuleManager: Display: Found up-to-date module file ../../../Engine/Plugins/Runtime/PhysXVehicles/Binaries/Win64/UE4Editor-PhysXVehicles.dll (API version 3709383).
LogModuleManager: Display: Found up-to-date module file ../../../Engine/Plugins/Runtime/PhysXVehicles/Binaries/Win64/UE4Editor-PhysXVehiclesEditor.dll (API version 3709383).
LogModuleManager: Display: Found up-to-date module file ../../../Engine/Plugins/Runtime/ProceduralMeshComponent/Binaries/Win64/UE4Editor-ProceduralMeshComponent.dll (API version 3709383).
LogModuleManager: Display: Found up-to-date module file ../../../Engine/Plugins/Runtime/ProceduralMeshComponent/Binaries/Win64/UE4Editor-ProceduralMeshComponentEditor.dll (API version 3709383).
LogModuleManager: Display: Found up-to-date module file ../../../Engine/Plugins/Runtime/RuntimePhysXCooking/Binaries/Win64/UE4Editor-RuntimePhysXCooking.dll (API version 3709383).
LogModuleManager: Display: Found up-to-date module file ../../../Engine/Plugins/Runtime/Steam/SteamVR/Binaries/Win64/UE4Editor-SteamVR.dll (API version 3709383).
LogModuleManager: Display: Found up-to-date module file ../../../Engine/Plugins/Runtime/Steam/SteamVR/Binaries/Win64/UE4Editor-SteamVRController.dll (API version 3709383).
LogModuleManager: Display: Found up-to-date module file ../../../Engine/Plugins/Runtime/WindowsMoviePlayer/Binaries/Win64/UE4Editor-WindowsMoviePlayer.dll (API version 3709383).
LogPluginManager: Mounting plugin Paper2D
LogPluginManager: Mounting plugin LightPropagationVolume
LogPluginManager: Mounting plugin CodeLiteSourceCodeAccess
LogPluginManager: Mounting plugin GitSourceControl
LogPluginManager: Mounting plugin KDevelopSourceCodeAccess
LogPluginManager: Mounting plugin NullSourceCodeAccess
LogPluginManager: Mounting plugin PerforceSourceControl
LogPluginManager: Mounting plugin SubversionSourceControl
LogPluginManager: Mounting plugin UObjectPlugin
LogPluginManager: Mounting plugin VisualStudioCodeSourceCodeAccess
LogPluginManager: Mounting plugin VisualStudioSourceCodeAccess
LogPluginManager: Mounting plugin XCodeSourceCodeAccess
LogPluginManager: Mounting plugin AssetManagerEditor
LogPluginManager: Mounting plugin AudioCapture
LogPluginManager: Mounting plugin FacialAnimation
LogPluginManager: Mounting plugin GameplayTagsEditor
LogPluginManager: Mounting plugin MobileLauncherProfileWizard
LogPluginManager: Mounting plugin PluginBrowser
LogPluginManager: Mounting plugin SpeedTreeImporter
LogPluginManager: Mounting plugin AlembicImporter
LogPluginManager: Mounting plugin CharacterAI
LogPluginManager: Mounting plugin HTML5Networking
LogPluginManager: Mounting plugin AndroidMedia
LogPluginManager: Mounting plugin AvfMedia
LogPluginManager: Mounting plugin ImgMedia
LogPluginManager: Mounting plugin MediaCompositing
LogPluginManager: Mounting plugin MediaPlayerEditor
LogPluginManager: Mounting plugin WmfMedia
LogPluginManager: Mounting plugin TcpMessaging
LogPluginManager: Mounting plugin UdpMessaging
LogPluginManager: Mounting plugin ActorSequence
LogPluginManager: Mounting plugin LevelSequenceEditor
LogPluginManager: Mounting plugin MatineeToLevelSequence
LogPluginManager: Mounting plugin OnlineSubsystemGooglePlay
LogPluginManager: Mounting plugin OnlineSubsystemIOS
LogPluginManager: Mounting plugin OnlineSubsystem
LogPluginManager: Mounting plugin OnlineSubsystemNull
LogPluginManager: Mounting plugin OnlineSubsystemUtils
LogPluginManager: Mounting plugin AndroidDeviceProfileSelector
LogPluginManager: Mounting plugin AndroidMoviePlayer
LogPluginManager: Mounting plugin AndroidPermission
LogPluginManager: Mounting plugin AppleARKit
LogPluginManager: Mounting plugin AppleMoviePlayer
LogPluginManager: Mounting plugin ArchVisCharacter
LogPluginManager: Mounting plugin CableComponent
LogPluginManager: Mounting plugin CustomMeshComponent
LogPluginManager: Mounting plugin ExampleDeviceProfileSelector
LogPluginManager: Mounting plugin GoogleCloudMessaging
LogPluginManager: Mounting plugin ImmediatePhysics
LogPluginManager: Mounting plugin IOSDeviceProfileSelector
LogPluginManager: Mounting plugin LinuxDeviceProfileSelector
LogPluginManager: Mounting plugin LocationServicesBPLibrary
LogPluginManager: Mounting plugin MobilePatchingUtils
LogPluginManager: Mounting plugin OculusVR
LogPluginManager: Plugin shader directory ../../../Engine/Plugins/Runtime/Oculus/OculusVR/Shaders found
LogPluginManager: Mapping shader source directory ../../../Engine/Plugins/Runtime/Oculus/OculusVR/Shaders to virtual directory /Plugin/OculusVR
LogPluginManager: Mounting plugin PhysXVehicles
LogPluginManager: Mounting plugin ProceduralMeshComponent
LogPluginManager: Mounting plugin RuntimePhysXCooking
LogPluginManager: Mounting plugin SteamVR
LogPluginManager: Mounting plugin WindowsMoviePlayer
LogInit: Using libcurl 7.47.1
LogInit:  - built for x86_64-pc-win32
LogInit:  - supports SSL with OpenSSL/1.0.2g
LogInit:  - supports HTTP deflate (compression) using libz 1.2.8
LogInit:  - other features:
LogInit:      CURL_VERSION_SSL
LogInit:      CURL_VERSION_LIBZ
LogInit:      CURL_VERSION_IPV6
LogInit:      CURL_VERSION_ASYNCHDNS
LogInit:      CURL_VERSION_LARGEFILE
LogInit:      CURL_VERSION_IDN
LogInit:  CurlRequestOptions (configurable via config and command line):
LogInit:  - bVerifyPeer = false  - Libcurl will NOT verify peer certificate
LogInit:  - bUseHttpProxy = false  - Libcurl will NOT use HTTP proxy
LogInit:  - bDontReuseConnections = false  - Libcurl will reuse connections
LogInit:  - CertBundlePath = nullptr  - Libcurl will use whatever was configured at build time.
LogInit: Build: ++UE4+Release-4.18-CL-3709383
LogInit: Engine Version: 4.18.0-3709383+++UE4+Release-4.18
LogInit: Compatible Engine Version: 4.18.0-3709383+++UE4+Release-4.18
LogInit: Net CL: 3709383
LogDevObjectVersion: Number of dev versions registered: 16
LogDevObjectVersion:   Dev-Blueprints (B0D832E4-1F89-4F0D-ACCF-7EB736FD4AA2): 10
LogDevObjectVersion:   Dev-Build (E1C64328-A22C-4D53-A36C-8E866417BD8C): 0
LogDevObjectVersion:   Dev-Core (375EC13C-06E4-48FB-B500-84F0262A717E): 2
LogDevObjectVersion:   Dev-Editor (E4B068ED-F494-42E9-A231-DA0B2E46BB41): 20
LogDevObjectVersion:   Dev-Framework (CFFC743F-43B0-4480-9391-14DF171D2073): 30
LogDevObjectVersion:   Dev-Mobile (B02B49B5-BB20-44E9-A304-32B752E40360): 0
LogDevObjectVersion:   Dev-Networking (A4E4105C-59A1-49B5-A7C5-40C4547EDFEE): 0
LogDevObjectVersion:   Dev-Online (39C831C9-5AE6-47DC-9A44-9C173E1C8E7C): 0
LogDevObjectVersion:   Dev-Physics (78F01B33-EBEA-4F98-B9B4-84EACCB95AA2): 0
LogDevObjectVersion:   Dev-Platform (6631380F-2D4D-43E0-8009-CF276956A95A): 0
LogDevObjectVersion:   Dev-Rendering (12F88B9F-8875-4AFC-A67C-D90C383ABD29): 20
LogDevObjectVersion:   Dev-Sequencer (7B5AE74C-D270-4C10-A958-57980B212A5A): 4
LogDevObjectVersion:   Dev-VR (D7296918-1DD6-4BDD-9DE2-64A83CC13884): 0
LogDevObjectVersion:   Dev-LoadTimes (C2A15278-BFE7-4AFE-6C17-90FF531DF755): 1
LogDevObjectVersion:   Private-Geometry (6EACA3D4-40EC-4CC1-B786-8BED09428FC5): 1
LogDevObjectVersion:   Dev-AnimPhys (29E575DD-E0A3-4627-9D10-D276232CDCEA): 12
LogInit: Compiled (64-bit): Oct 20 2017 10:39:19
LogInit: Compiled with Visual C++: 19.00.24215.01
LogInit: Build Configuration: Development
LogInit: Branch Name: ++UE4+Release-4.18
LogInit: Command line:  
LogInit: Base directory: E:/Epic Games/UE_4.18/Engine/Binaries/Win64/
LogInit: Installed Engine Build: 1
LogInit: Presizing for max 8388607 objects, including 0 objects not considered by GC, pre-allocating 0 bytes for permanent pool.
LogInit: Object subsystem initialized
[2017.11.14-12.06.45:521][  0]LogInit: Selected Device Profile: [Windows]
[2017.11.14-12.06.45:521][  0]LogInit: Applying CVar settings loaded from the selected device profile: [Windows]
[2017.11.14-12.06.45:534][  0]LogInit: Computer: ARTHUR-DESKTOP
[2017.11.14-12.06.45:534][  0]LogInit: User: Arthur
[2017.11.14-12.06.45:534][  0]LogInit: CPU Page size=4096, Cores=3
[2017.11.14-12.06.45:534][  0]LogInit: High frequency timer resolution =3.433744 MHz
[2017.11.14-12.06.45:534][  0]LogMemory: Memory total: Physical=8.0GB (8GB approx)
[2017.11.14-12.06.45:534][  0]LogMemory: Platform Memory Stats for Windows
[2017.11.14-12.06.45:534][  0]LogMemory: Process Physical Memory: 272.18 MB used, 272.18 MB peak
[2017.11.14-12.06.45:534][  0]LogMemory: Process Virtual Memory: 269.49 MB used, 269.49 MB peak
[2017.11.14-12.06.45:534][  0]LogMemory: Physical Memory: 4725.88 MB used,  3432.79 MB free, 8158.66 MB total
[2017.11.14-12.06.45:534][  0]LogMemory: Virtual Memory: 647.02 MB used,  3432.79 MB free, 134217728.00 MB total
[2017.11.14-12.06.45:737][  0]LogInit: Overriding language with editor language configuration option (en).
[2017.11.14-12.06.45:737][  0]LogInit: Overriding locale with editor locale configuration option (en).
[2017.11.14-12.06.46:331][  0]LogInit: Setting process to per monitor DPI aware
[2017.11.14-12.06.46:693][  0]LogD3D11RHI: D3D11 adapters:
[2017.11.14-12.06.46:714][  0]LogD3D11RHI:    0. 'AMD Radeon R7 200 Series' (Feature Level 11_0)
[2017.11.14-12.06.46:714][  0]LogD3D11RHI:       2024/0/4079 MB DedicatedVideo/DedicatedSystem/SharedSystem, Outputs:1, VendorId:0x1002
[2017.11.14-12.06.46:716][  0]LogD3D11RHI:    1. 'Microsoft Basic Render Driver' (Feature Level 11_0)
[2017.11.14-12.06.46:716][  0]LogD3D11RHI:       0/0/4079 MB DedicatedVideo/DedicatedSystem/SharedSystem, Outputs:0, VendorId:0x1414
[2017.11.14-12.06.46:716][  0]LogD3D11RHI: Chosen D3D11 Adapter: 0
[2017.11.14-12.06.46:724][  0]LogD3D11RHI: Creating new Direct3DDevice
[2017.11.14-12.06.46:724][  0]LogD3D11RHI:     GPU DeviceId: 0x6658 (for the marketing name, search the web for "GPU Device Id")
[2017.11.14-12.06.46:724][  0]LogWindows: EnumDisplayDevices:
[2017.11.14-12.06.46:724][  0]LogWindows:    0. 'AMD Radeon R7 200 Series' (P:1 D:1)
[2017.11.14-12.06.46:725][  0]LogWindows:    1. 'AMD Radeon R7 200 Series' (P:0 D:0)
[2017.11.14-12.06.46:725][  0]LogWindows:    2. 'AMD Radeon R7 200 Series' (P:0 D:0)
[2017.11.14-12.06.46:726][  0]LogWindows:    3. 'AMD Radeon R7 200 Series' (P:0 D:0)
[2017.11.14-12.06.46:726][  0]LogWindows:    4. 'AMD Radeon R7 200 Series' (P:0 D:0)
[2017.11.14-12.06.46:726][  0]LogWindows:    5. 'AMD Radeon R7 200 Series' (P:0 D:0)
[2017.11.14-12.06.46:727][  0]LogWindows: DebugString: FoundDriverCount:6 
[2017.11.14-12.06.46:727][  0]LogD3D11RHI:     Adapter Name: AMD Radeon R7 200 Series
[2017.11.14-12.06.46:727][  0]LogD3D11RHI:   Driver Version: Crimson ReLive 17.9.2 (internal:22.19.677.1, unified:22.19.677.1)
[2017.11.14-12.06.46:727][  0]LogD3D11RHI:      Driver Date: 9-18-2017
[2017.11.14-12.06.46:727][  0]LogRHI: Texture pool is 1417 MB (70% of 2024 MB)
[2017.11.14-12.06.46:757][  0]LogD3D11RHI: Async texture creation enabled
[2017.11.14-12.06.46:770][  0]LogD3D11RHI: GPU Timing Frequency: 27.000000 (Debug: 2 1)
[2017.11.14-12.06.46:772][  0]LogShaderCompilers: Guid format shader working directory is -9 characters bigger than the processId version (../../../../../_PROGRAMAÇÃO/__ProjetosUE/CaveManVsAliens/Intermediate/Shaders/WorkingDirectory/7108/).
[2017.11.14-12.06.46:772][  0]LogShaderCompilers: Cleaned the shader compiler working directory 'C:/Users/Arthur/AppData/Local/Temp/UnrealShaderWorkingDir/CE181A9E4C84E449230D44B11AF2E5F4/'.
[2017.11.14-12.06.46:772][  0]LogShaderCompilers: Display: Using Local Shader Compiler.
[2017.11.14-12.06.48:306][  0]LogTemp: Display: Loaded TP AllDesktopTargetPlatform
[2017.11.14-12.06.48:383][  0]LogTemp: Display: Loaded TP MacClientTargetPlatform
[2017.11.14-12.06.48:459][  0]LogTemp: Display: Loaded TP MacNoEditorTargetPlatform
[2017.11.14-12.06.48:532][  0]LogTemp: Display: Loaded TP MacServerTargetPlatform
[2017.11.14-12.06.48:601][  0]LogTemp: Display: Loaded TP MacTargetPlatform
[2017.11.14-12.06.48:677][  0]LogTemp: Display: Loaded TP WindowsClientTargetPlatform
[2017.11.14-12.06.48:752][  0]LogTemp: Display: Loaded TP WindowsNoEditorTargetPlatform
[2017.11.14-12.06.48:847][  0]LogTemp: Display: Loaded TP WindowsServerTargetPlatform
[2017.11.14-12.06.48:948][  0]LogTemp: Display: Loaded TP WindowsTargetPlatform
[2017.11.14-12.06.49:027][  0]LogTemp: Display: Loaded TP Android_ASTCTargetPlatform
[2017.11.14-12.06.49:122][  0]LogTemp: Display: Loaded TP Android_ATCTargetPlatform
[2017.11.14-12.06.49:195][  0]LogTemp: Display: Loaded TP Android_DXTTargetPlatform
[2017.11.14-12.06.49:277][  0]LogTemp: Display: Loaded TP Android_ETC1TargetPlatform
[2017.11.14-12.06.49:357][  0]LogTemp: Display: Loaded TP Android_ETC2TargetPlatform
[2017.11.14-12.06.49:511][  0]LogTemp: Display: Loaded TP Android_MultiTargetPlatform
[2017.11.14-12.06.49:511][  0]LogTemp: Display: Loaded TP Android_PVRTCTargetPlatform
[2017.11.14-12.06.49:589][  0]LogTemp: Display: Loaded TP AndroidTargetPlatform
[2017.11.14-12.06.49:666][  0]LogTemp: Display: Loaded TP HTML5TargetPlatform
[2017.11.14-12.06.49:782][  0]LogTemp: Display: Loaded TP IOSTargetPlatform
[2017.11.14-12.06.49:832][  0]LogTemp: Display: Loaded TP TVOSTargetPlatform
[2017.11.14-12.06.49:902][  0]LogTemp: Display: Loaded TP LinuxClientTargetPlatform
[2017.11.14-12.06.49:980][  0]LogTemp: Display: Loaded TP LinuxNoEditorTargetPlatform
[2017.11.14-12.06.50:051][  0]LogTemp: Display: Loaded TP LinuxServerTargetPlatform
[2017.11.14-12.06.50:140][  0]LogTemp: Display: Loaded TP LinuxTargetPlatform
[2017.11.14-12.06.50:140][  0]LogTargetPlatformManager: Display: Building Assets For Windows
[2017.11.14-12.06.50:842][  0]LogDerivedDataCache: Display: Max Cache Size: 512 MB
[2017.11.14-12.06.51:023][  0]LogDerivedDataCache: Loaded boot cache 0.18s 78MB C:/Users/Arthur/AppData/Local/UnrealEngine/4.18/DerivedDataCache/Boot.ddc.
[2017.11.14-12.06.51:023][  0]LogDerivedDataCache: Display: Loaded Boot cache: C:/Users/Arthur/AppData/Local/UnrealEngine/4.18/DerivedDataCache/Boot.ddc
[2017.11.14-12.06.51:023][  0]LogDerivedDataCache: FDerivedDataBackendGraph:  Pak pak cache file ../../../../../_PROGRAMAÇÃO/__ProjetosUE/CaveManVsAliens/DerivedDataCache/DDC.ddp not found, will not use a pak cache.
[2017.11.14-12.06.51:023][  0]LogDerivedDataCache: Unable to find inner node Pak for hierarchical cache Hierarchy.
[2017.11.14-12.06.51:023][  0]LogDerivedDataCache: FDerivedDataBackendGraph:  CompressedPak pak cache file ../../../../../_PROGRAMAÇÃO/__ProjetosUE/CaveManVsAliens/DerivedDataCache/Compressed.ddp not found, will not use a pak cache.
[2017.11.14-12.06.51:023][  0]LogDerivedDataCache: Unable to find inner node CompressedPak for hierarchical cache Hierarchy.
[2017.11.14-12.06.51:050][  0]LogDerivedDataCache: Display: Pak cache opened for reading ../../../Engine/DerivedDataCache/Compressed.ddp.
[2017.11.14-12.06.51:062][  0]LogDerivedDataCache: Using Local data cache path C:/Users/Arthur/AppData/Local/UnrealEngine/Common/DerivedDataCache: Writable
[2017.11.14-12.06.51:082][  0]LogMaterial: Verifying Global Shaders for PCD3D_SM5
[2017.11.14-12.06.51:083][  0]LogSlate: Using Freetype 2.6.0
[2017.11.14-12.06.51:084][  0]LogSlate: SlateFontCache - WITH_FREETYPE: 1, WITH_HARFBUZZ: 1
[2017.11.14-12.06.51:084][  0]LogSlate: SlateFontCache - WITH_FREETYPE: 1, WITH_HARFBUZZ: 1
[2017.11.14-12.06.51:682][  0]LogInit: Selected Device Profile: [Windows]
[2017.11.14-12.06.52:248][  0]LogSimplygon: Simplygon DLL not present - disabling.
[2017.11.14-12.06.52:333][  0]LogMeshReduction: Using SimplygonSwarm for distributed automatic mesh merging
[2017.11.14-12.06.52:333][  0]LogMeshReduction: Using QuadricMeshReduction for automatic static mesh reduction
[2017.11.14-12.06.52:333][  0]LogMeshReduction: No automatic skeletal mesh reduction module available
[2017.11.14-12.06.52:333][  0]LogMeshReduction: No automatic mesh merging module available
[2017.11.14-12.06.52:333][  0]LogMeshMerging: No automatic mesh merging module available
[2017.11.14-12.06.52:400][  0]LogNetVersion: CaveManVsAliens , NetCL: 3709383, EngineNetVer: 2, GameNetVer: 0 (Checksum: 2311697827)
[2017.11.14-12.06.52:664][  0]LogAssetRegistry: FAssetRegistry took 0.0334 seconds to start up
[2017.11.14-12.06.53:654][  0]LogPackageLocalizationCache: Processed 7 localized package path(s) for 1 prioritized culture(s) in 0.035439 seconds
[2017.11.14-12.06.53:661][  0]LogUObjectArray: 35900 objects as part of root set at end of initial load.
[2017.11.14-12.06.53:661][  0]LogUObjectAllocator: 7372024 out of 0 bytes used by permanent object pool.
[2017.11.14-12.06.53:661][  0]LogUObjectArray: CloseDisregardForGC: 0/0 objects in disregard for GC pool
[2017.11.14-12.06.53:758][  0]LogInit: WinSock: version 1.1 (2.2), MaxSocks=32767, MaxUdp=65467
[2017.11.14-12.06.58:026][  0]LogTcpMessaging: Initializing TcpMessaging bridge
[2017.11.14-12.06.58:081][  0]LogUdpMessaging: Initializing bridge on interface 0.0.0.0:0 to multicast group 230.0.0.1:6666.
[2017.11.14-12.06.59:072][  0]LogMaterial: Uniform references updated for custom material expression Custom.
[2017.11.14-12.06.59:731][  0]SourceControl: Source control is disabled
[2017.11.14-12.07.02:294][  0]LogAndroidPermission: UAndroidPermissionCallbackProxy::GetInstance
[2017.11.14-12.07.02:751][  0]LogOcInput: OculusInput pre-init called
[2017.11.14-12.07.03:246][  0]LogEngine: Initializing Engine...
[2017.11.14-12.07.03:270][  0]LogHMD: Failed to initialize OpenVR with code 110
[2017.11.14-12.07.04:282][  0]LogStats: UGameplayTagsManager::ConstructGameplayTagTree: Construct from data asset -  0.000 s
[2017.11.14-12.07.04:283][  0]LogStats: UGameplayTagsManager::ConstructGameplayTagTree: GameplayTagTreeChangedEvent.Broadcast -  0.000 s
[2017.11.14-12.07.05:066][  0]LogAIModule: Creating AISystem for world Untitled
[2017.11.14-12.07.05:309][  0]LogInit: XAudio2 using 'Alto-falantes (2- Dispositivo de High Definition Audio)' : 2 channels at 48 kHz using 16 bits per sample (channel mask 0x3)
[2017.11.14-12.07.05:346][  0]LogInit: FAudioDevice initialized.
[2017.11.14-12.07.05:369][  0]LogDerivedDataCache: Error: Could not save memory cache C:/Users/Arthur/AppData/Local/UnrealEngine/4.18/DerivedDataCache/Boot.ddc.
[2017.11.14-12.07.05:410][  0]LogInit: Texture streaming: Enabled
[2017.11.14-12.07.05:677][  0]LogEngineSessionManager: EngineSessionManager initialized
[2017.11.14-12.07.06:615][  0]LogInit: Transaction tracking system initialized
[2017.11.14-12.07.07:508][  0]BlueprintLog: New page: Editor Load
[2017.11.14-12.07.10:705][  0]LocalizationService: Localization service is disabled
[2017.11.14-12.07.12:853][  0]LogConsoleResponse: Display: 
[2017.11.14-12.07.14:114][  0]LogFileCache: Scanning file cache for directory 'E:/_PROGRAMAÇÃO/__ProjetosUE/CaveManVsAliens/Content/' took 0.03s
[2017.11.14-12.07.14:114][  0]LogCook: Display: Max memory allowance for cook 16384mb min free memory 0mb
[2017.11.14-12.07.14:115][  0]LogCook: Display: Mobile HDR setting 1
[2017.11.14-12.07.14:122][  0]LogGameplayTags: Display: UGameplayTagsManager::DoneAddingNativeTags. DelegateIsBound: 0
[2017.11.14-12.07.17:345][  0]Cmd: MAP LOAD FILE="../../../../../_PROGRAMAÇÃO/__ProjetosUE/CaveManVsAliens/Content/Maps/Empty.umap" TEMPLATE=0 SHOWPROGRESS=1 FEATURELEVEL=3
[2017.11.14-12.07.17:507][  0]LightingResults: New page: Lighting Build
[2017.11.14-12.07.17:769][  0]MapCheck: New page: Map Check
[2017.11.14-12.07.17:769][  0]LightingResults: New page: Lighting Build
[2017.11.14-12.07.21:697][  0]LogAIModule: Creating AISystem for world Empty
[2017.11.14-12.07.22:660][  0]LogEditorServer: Finished looking for orphan Actors (0.000 secs)
[2017.11.14-12.07.22:962][  0]Cmd: MAP CHECKDEP NOCLEARLOG
[2017.11.14-12.07.23:069][  0]MapCheck: Map check complete: 0 Error(s), 0 Warning(s), took 106.411ms to complete.
[2017.11.14-12.07.23:069][  0]LogFileHelpers: Loading map 'Empty' took 5.735
[2017.11.14-12.07.25:434][  0]LogCollectionManager: Loaded 0 collections in 0.002451 seconds
[2017.11.14-12.07.25:726][  0]LogFileCache: Scanning file cache for directory 'E:/_PROGRAMAÇÃO/__ProjetosUE/CaveManVsAliens/Saved/Collections/' took 0.01s
[2017.11.14-12.07.25:726][  0]LogFileCache: Scanning file cache for directory 'E:/_PROGRAMAÇÃO/__ProjetosUE/CaveManVsAliens/Content/Developers/Arthur/Collections/' took 0.01s
[2017.11.14-12.07.25:726][  0]LogFileCache: Scanning file cache for directory 'E:/_PROGRAMAÇÃO/__ProjetosUE/CaveManVsAliens/Content/Collections/' took 0.01s
[2017.11.14-12.07.25:726][  0]LogCollectionManager: Rebuilt the GUID cache for 0 collections in 0.000001 seconds
[2017.11.14-12.07.25:747][  0]LogContentBrowser: Native class hierarchy populated in 0.0184 seconds. Added 2363 classes and 519 folders.
[2017.11.14-12.07.25:958][  0]LogContentBrowser: Native class hierarchy updated for 'WidgetCarousel' in 0.0004 seconds. Added 0 classes and 0 folders.
[2017.11.14-12.07.27:083][  0]LogContentBrowser: Native class hierarchy updated for 'AddContentDialog' in 0.0003 seconds. Added 0 classes and 0 folders.
[2017.11.14-12.07.27:238][  0]LogContentBrowser: Native class hierarchy updated for 'SceneOutliner' in 0.0007 seconds. Added 1 classes and 2 folders.
[2017.11.14-12.07.28:459][  0]LogSlate: Took 0.010336 seconds to synchronously load lazily loaded font '../../../Engine/Content/Slate/Fonts/Roboto-Regular.ttf' (155K)
[2017.11.14-12.07.28:471][  0]LogSlate: Took 0.002064 seconds to synchronously load lazily loaded font '../../../Engine/Content/Slate/Fonts/Roboto-Bold.ttf' (160K)
[2017.11.14-12.07.28:521][  0]LogSlate: Took 0.012325 seconds to synchronously load lazily loaded font '../../../Engine/Content/Editor/Slate/Fonts/FontAwesome.ttf' (139K)
[2017.11.14-12.07.29:117][  0]LogRenderer: Reallocating scene render targets to support 1256x640 Format 10 NumSamples 1 (Frame:1).
[2017.11.14-12.07.30:315][  0]LogContentBrowser: Native class hierarchy updated for 'HierarchicalLODOutliner' in 0.0016 seconds. Added 1 classes and 2 folders.
[2017.11.14-12.07.30:316][  0]LogLoad: (Engine Initialization) Total time: 47.86 seconds
[2017.11.14-12.07.30:316][  0]LogLoad: (Engine Initialization) Total Blueprint compile time: 0.00 seconds
[2017.11.14-12.07.30:322][  0]LogExternalProfiler: No external profilers were discovered.  External profiling features will not be available.
[2017.11.14-12.07.31:101][  0]SourceControl: On branch master
[2017.11.14-12.07.31:101][  0]SourceControl: Your branch is up-to-date with 'origin/master'.
[2017.11.14-12.07.31:101][  0]SourceControl: Changes not staged for commit:
[2017.11.14-12.07.31:101][  0]SourceControl:   (use "git add/rm <file>..." to update what will be committed)
[2017.11.14-12.07.31:101][  0]SourceControl:   (use "git checkout -- <file>..." to discard changes in working directory)
[2017.11.14-12.07.31:101][  0]SourceControl: 	modified:   Intermediate/CachedAssetRegistry.bin
[2017.11.14-12.07.31:102][  0]SourceControl: 	modified:   Saved/Config/Windows/Editor.ini
[2017.11.14-12.07.31:102][  0]SourceControl: 	deleted:    Saved/Logs/CaveManVsAliens-backup-2017.11.07-16.00.48.log
[2017.11.14-12.07.31:102][  0]SourceControl: 	deleted:    Saved/Logs/CaveManVsAliens-backup-2017.11.07-22.13.36.log
[2017.11.14-12.07.31:102][  0]SourceControl: 	deleted:    Saved/Logs/CaveManVsAliens-backup-2017.11.08-08.27.13.log
[2017.11.14-12.07.31:102][  0]SourceControl: 	deleted:    Saved/Logs/CaveManVsAliens-backup-2017.11.08-10.12.04.log
[2017.11.14-12.07.31:102][  0]SourceControl: 	modified:   Saved/Logs/CaveManVsAliens.log
[2017.11.14-12.07.31:102][  0]SourceControl: Untracked files:
[2017.11.14-12.07.31:102][  0]SourceControl:   (use "git add <file>..." to include in what will be committed)
[2017.11.14-12.07.31:102][  0]SourceControl: 	Saved/Config/CrashReportClient/UE4CC-Windows-15197F3641854EEB627A18BDAF9CEFDC/
[2017.11.14-12.07.31:102][  0]SourceControl: 	Saved/Config/CrashReportClient/UE4CC-Windows-3D9A258B47E6C42634965FB0DCA6E75E/
[2017.11.14-12.07.31:102][  0]SourceControl: 	Saved/Logs/CaveManVsAliens-backup-2017.11.14-10.05.54.log
[2017.11.14-12.07.31:102][  0]SourceControl: 	Saved/Logs/CaveManVsAliens_2.log
[2017.11.14-12.07.31:102][  0]SourceControl: no changes added to commit (use "git add" and/or "git commit -a")
[2017.11.14-12.07.31:139][  0]LogContentStreaming: Texture pool size now 1000 MB
[2017.11.14-12.07.31:796][  1]LogSlate: Took 0.005236 seconds to synchronously load lazily loaded font '../../../Engine/Content/Slate/Fonts/Roboto-Light.ttf' (159K)
[2017.11.14-12.07.31:970][  2]LogSlate: Took 0.000637 seconds to synchronously load lazily loaded font '../../../Engine/Content/Slate/Fonts/Roboto-Light.ttf' (159K)
[2017.11.14-12.07.32:273][  3]LogAssetRegistry: Asset discovery search completed in 39.6280 seconds
[2017.11.14-12.07.32:305][  3]LogCollectionManager: Rebuilt the object cache for 0 collections in 0.000000 seconds (found 0 objects)
[2017.11.14-12.07.32:305][  3]LogCollectionManager: Fixed up redirectors for 0 collections in 0.000079 seconds (updated 0 objects)
[2017.11.14-12.07.51:221][171]LogSlate: Took 0.000259 seconds to synchronously load lazily loaded font '../../../Engine/Content/Slate/Fonts/Roboto-Light.ttf' (159K)
[2017.11.14-12.07.51:857][171]LogContentBrowser: Native class hierarchy updated for 'BlueprintGraph' in 0.0009 seconds. Added 116 classes and 0 folders.
[2017.11.14-12.07.53:576][171]LogSlate: Took 0.000279 seconds to synchronously load lazily loaded font '../../../Engine/Content/Editor/Slate/Fonts/Roboto-BoldCondensed.ttf' (158K)
[2017.11.14-12.07.55:294][272]LogSlate: Took 0.015779 seconds to synchronously load lazily loaded font '../../../Engine/Content/Editor/Slate/Fonts/Roboto-Italic.ttf' (157K)
[2017.11.14-12.08.28:341][460]LogRenderer: Reallocating scene render targets to support 1256x712 Format 10 NumSamples 1 (Frame:1).
[2017.11.14-12.10.33:556][926]BlueprintLog: New page: Compile Service-VisionCheck
[2017.11.14-12.11.54:981][247]BlueprintLog: New page: Compile Service-VisionCheck
[2017.11.14-12.12.20:384][566]LogSavePackage: Save=105.26ms
[2017.11.14-12.12.20:385][566]LogSavePackage: Moving '../../../../../_PROGRAMAÇÃO/__ProjetosUE/CaveManVsAliens/Saved/Service-VisionCheckC272FA934F48B82498C821A3F4034CDA.tmp' to '../../../../../_PROGRAMAÇÃO/__ProjetosUE/CaveManVsAliens/Content/Content_CaveMan/Blueprints/AI/Service-VisionCheck.uasset'
[2017.11.14-12.12.20:430][566]LogSavePackage: Display: Finished SavePackage ../../../../../_PROGRAMAÇÃO/__ProjetosUE/CaveManVsAliens/Content/Content_CaveMan/Blueprints/AI/Service-VisionCheck.uasset
[2017.11.14-12.13.10:736][966]LogSavePackage: Save=51.14ms
[2017.11.14-12.13.10:736][966]LogSavePackage: Moving '../../../../../_PROGRAMAÇÃO/__ProjetosUE/CaveManVsAliens/Saved/Service-VisionCheckA5FE2D8B4E48F044CC483C9661154DC6.tmp' to '../../../../../_PROGRAMAÇÃO/__ProjetosUE/CaveManVsAliens/Content/Content_CaveMan/Blueprints/AI/Service-VisionCheck.uasset'
[2017.11.14-12.13.10:737][966]LogSavePackage: Display: Finished SavePackage ../../../../../_PROGRAMAÇÃO/__ProjetosUE/CaveManVsAliens/Content/Content_CaveMan/Blueprints/AI/Service-VisionCheck.uasset
[2017.11.14-12.13.49:534][493]LogBehaviorTree: Warning: Can't initialize BTDecorator_Blackboard_0 due to missing blackboard data.
[2017.11.14-12.13.58:877][590]LogBehaviorTree: Warning: Can't initialize BTDecorator_Blackboard_1 due to missing blackboard data.
[2017.11.14-12.14.13:058][263]LogSavePackage: Save=33.32ms
[2017.11.14-12.14.13:058][263]LogSavePackage: Moving '../../../../../_PROGRAMAÇÃO/__ProjetosUE/CaveManVsAliens/Saved/AIEnemyBehaviorT933ED67340415B6A47934388BCCFF26B.tmp' to '../../../../../_PROGRAMAÇÃO/__ProjetosUE/CaveManVsAliens/Content/Content_CaveMan/Blueprints/AI/AIEnemyBehaviorT.uasset'
[2017.11.14-12.14.13:060][263]LogSavePackage: Display: Finished SavePackage ../../../../../_PROGRAMAÇÃO/__ProjetosUE/CaveManVsAliens/Content/Content_CaveMan/Blueprints/AI/AIEnemyBehaviorT.uasset
[2017.11.14-12.14.24:421][551]LogSavePackage: Save=52.13ms
[2017.11.14-12.14.24:421][551]LogSavePackage: Moving '../../../../../_PROGRAMAÇÃO/__ProjetosUE/CaveManVsAliens/Saved/Service-VisionCheck10C944454725009483851DA62BE8B747.tmp' to '../../../../../_PROGRAMAÇÃO/__ProjetosUE/CaveManVsAliens/Content/Content_CaveMan/Blueprints/AI/Service-VisionCheck.uasset'
[2017.11.14-12.14.24:422][551]LogSavePackage: Display: Finished SavePackage ../../../../../_PROGRAMAÇÃO/__ProjetosUE/CaveManVsAliens/Content/Content_CaveMan/Blueprints/AI/Service-VisionCheck.uasset
[2017.11.14-12.14.25:187][639]BlueprintLog: New page: Compile Service-VisionCheck
[2017.11.14-12.15.13:193][308]LogSavePackage: Save=10.72ms
[2017.11.14-12.15.13:193][308]LogSavePackage: Moving '../../../../../_PROGRAMAÇÃO/__ProjetosUE/CaveManVsAliens/Saved/AIEnemyBehaviorT467F5BF147431945F545F2BD5C304DAB.tmp' to '../../../../../_PROGRAMAÇÃO/__ProjetosUE/CaveManVsAliens/Content/Content_CaveMan/Blueprints/AI/AIEnemyBehaviorT.uasset'
[2017.11.14-12.15.13:194][308]LogSavePackage: Display: Finished SavePackage ../../../../../_PROGRAMAÇÃO/__ProjetosUE/CaveManVsAliens/Content/Content_CaveMan/Blueprints/AI/AIEnemyBehaviorT.uasset
[2017.11.14-12.16.13:750][590]LogPackageName: SearchForPackageOnDisk took   0.000s, but failed to resolve /Game/Content_CaveMan/Blueprints/AI/BTTask_BlueprintBase_New.
[2017.11.14-12.17.05:143][998]SourceControl: On branch master
[2017.11.14-12.17.05:143][998]SourceControl: Your branch is up-to-date with 'origin/master'.
[2017.11.14-12.17.05:143][998]SourceControl: Changes not staged for commit:
[2017.11.14-12.17.05:143][998]SourceControl:   (use "git add/rm <file>..." to update what will be committed)
[2017.11.14-12.17.05:143][998]SourceControl:   (use "git checkout -- <file>..." to discard changes in working directory)
[2017.11.14-12.17.05:143][998]SourceControl: 	modified:   Content/Content_CaveMan/Blueprints/AI/AIEnemyBehaviorT.uasset
[2017.11.14-12.17.05:143][998]SourceControl: 	modified:   Content/Content_CaveMan/Blueprints/AI/Service-VisionCheck.uasset
[2017.11.14-12.17.05:143][998]SourceControl: 	modified:   Intermediate/CachedAssetRegistry.bin
[2017.11.14-12.17.05:143][998]SourceControl: 	modified:   Saved/AutoScreenshot.png
[2017.11.14-12.17.05:143][998]SourceControl: 	modified:   Saved/Config/Windows/Editor.ini
[2017.11.14-12.17.05:143][998]SourceControl: 	modified:   Saved/Config/Windows/EditorPerProjectUserSettings.ini
[2017.11.14-12.17.05:144][998]SourceControl: 	modified:   Saved/Config/Windows/Engine.ini
[2017.11.14-12.17.05:144][998]SourceControl: 	deleted:    Saved/Logs/CaveManVsAliens-backup-2017.11.07-16.00.48.log
[2017.11.14-12.17.05:144][998]SourceControl: 	deleted:    Saved/Logs/CaveManVsAliens-backup-2017.11.07-22.13.36.log
[2017.11.14-12.17.05:144][998]SourceControl: 	deleted:    Saved/Logs/CaveManVsAliens-backup-2017.11.08-08.27.13.log
[2017.11.14-12.17.05:144][998]SourceControl: 	deleted:    Saved/Logs/CaveManVsAliens-backup-2017.11.08-10.12.04.log
[2017.11.14-12.17.05:144][998]SourceControl: 	modified:   Saved/Logs/CaveManVsAliens.log
[2017.11.14-12.17.05:144][998]SourceControl: Untracked files:
[2017.11.14-12.17.05:144][998]SourceControl:   (use "git add <file>..." to include in what will be committed)
[2017.11.14-12.17.05:144][998]SourceControl: 	Saved/Backup/AIEnemyBehaviorT_2017-11-14-10-14-13.uasset
[2017.11.14-12.17.05:144][998]SourceControl: 	Saved/Backup/Service-VisionCheck_2017-11-14-10-12-20.uasset
[2017.11.14-12.17.05:144][998]SourceControl: 	Saved/Config/CrashReportClient/UE4CC-Windows-15197F3641854EEB627A18BDAF9CEFDC/
[2017.11.14-12.17.05:144][998]SourceControl: 	Saved/Config/CrashReportClient/UE4CC-Windows-3D9A258B47E6C42634965FB0DCA6E75E/
[2017.11.14-12.17.05:144][998]SourceControl: 	Saved/Logs/CaveManVsAliens-backup-2017.11.14-10.05.54.log
[2017.11.14-12.17.05:144][998]SourceControl: 	Saved/Logs/CaveManVsAliens_2.log
[2017.11.14-12.17.05:144][998]SourceControl: no changes added to commit (use "git add" and/or "git commit -a")
[2017.11.14-12.17.05:471][998]LogMetaData: Removing '/Game/Content_CaveMan/Blueprints/AI/TASK-Patrol.SKEL_TASK-Patrol_C' ref from Metadata '/Game/Content_CaveMan/Blueprints/AI/BTTask_BlueprintBase_New.PackageMetaData'
[2017.11.14-12.17.05:471][998]LogMetaData: Removing '/Game/Content_CaveMan/Blueprints/AI/TASK-Patrol.TASK-Patrol_C' ref from Metadata '/Game/Content_CaveMan/Blueprints/AI/BTTask_BlueprintBase_New.PackageMetaData'
[2017.11.14-12.17.05:502][998]LogSavePackage: Save=2.57ms
[2017.11.14-12.17.05:502][998]LogSavePackage: Moving '../../../../../_PROGRAMAÇÃO/__ProjetosUE/CaveManVsAliens/Saved/TASK-PatrolB92C1C0F416D8B016F8E75AABE92CACB.tmp' to '../../../../../_PROGRAMAÇÃO/__ProjetosUE/CaveManVsAliens/Content/Content_CaveMan/Blueprints/AI/TASK-Patrol.uasset'
[2017.11.14-12.17.05:503][998]LogSavePackage: Display: Finished SavePackage ../../../../../_PROGRAMAÇÃO/__ProjetosUE/CaveManVsAliens/Content/Content_CaveMan/Blueprints/AI/TASK-Patrol.uasset
[2017.11.14-12.17.06:285][  7]LogPackageName: SearchForPackageOnDisk took   0.000s to resolve /Game/Content_CaveMan/Blueprints/AI/TASK-Patrol.
[2017.11.14-12.17.38:026][912]LogEditorTransaction: Undo Paste clipboard contents
[2017.11.14-12.17.43:920][609]BlueprintLog: New page: Compile TASK-Patrol
[2017.11.14-12.17.44:664][673]LogSavePackage: Save=42.89ms
[2017.11.14-12.17.44:664][673]LogSavePackage: Moving '../../../../../_PROGRAMAÇÃO/__ProjetosUE/CaveManVsAliens/Saved/TASK-Patrol56040CE84AB8095B7E89B88E90FE32E0.tmp' to '../../../../../_PROGRAMAÇÃO/__ProjetosUE/CaveManVsAliens/Content/Content_CaveMan/Blueprints/AI/TASK-Patrol.uasset'
[2017.11.14-12.17.44:666][673]LogSavePackage: Display: Finished SavePackage ../../../../../_PROGRAMAÇÃO/__ProjetosUE/CaveManVsAliens/Content/Content_CaveMan/Blueprints/AI/TASK-Patrol.uasset
[2017.11.14-12.19.05:224][484]LogFileHelpers: Editor autosave (incl. sublevels) for '/Game/Maps/Empty' took 0.037
[2017.11.14-12.19.05:241][484]OBJ SavePackage: Generating thumbnails for [0] asset(s) in package [/Game/Content_CaveMan/Blueprints/AI/AIEnemyBehaviorT] ([1] browsable assets)...
[2017.11.14-12.19.05:242][484]OBJ SavePackage: Finished generating thumbnails for package [/Game/Content_CaveMan/Blueprints/AI/AIEnemyBehaviorT]
[2017.11.14-12.19.05:263][484]LogSavePackage: Save=18.48ms
[2017.11.14-12.19.05:263][484]LogSavePackage: Moving '../../../../../_PROGRAMAÇÃO/__ProjetosUE/CaveManVsAliens/Saved/AIEnemyBehaviorT_Auto10CC050D04487CF8577660DA72EF74D61.tmp' to '../../../../../_PROGRAMAÇÃO/__ProjetosUE/CaveManVsAliens/Saved/Autosaves/Game/Content_CaveMan/Blueprints/AI/AIEnemyBehaviorT_Auto1.uasset'
[2017.11.14-12.19.05:265][484]LogSavePackage: Display: Finished SavePackage ../../../../../_PROGRAMAÇÃO/__ProjetosUE/CaveManVsAliens/Saved/Autosaves/Game/Content_CaveMan/Blueprints/AI/AIEnemyBehaviorT_Auto1.uasset
[2017.11.14-12.19.05:265][484]OBJ SavePackage: Generating thumbnails for [0] asset(s) in package [/Game/Content_CaveMan/Blueprints/AI/AIEnemyBlackboard] ([1] browsable assets)...
[2017.11.14-12.19.05:265][484]OBJ SavePackage: Finished generating thumbnails for package [/Game/Content_CaveMan/Blueprints/AI/AIEnemyBlackboard]
[2017.11.14-12.19.05:271][484]LogSavePackage: Save=2.06ms
[2017.11.14-12.19.05:271][484]LogSavePackage: Moving '../../../../../_PROGRAMAÇÃO/__ProjetosUE/CaveManVsAliens/Saved/AIEnemyBlackboard_Auto10152197E4B23BC85ADA924A7DC50B27A.tmp' to '../../../../../_PROGRAMAÇÃO/__ProjetosUE/CaveManVsAliens/Saved/Autosaves/Game/Content_CaveMan/Blueprints/AI/AIEnemyBlackboard_Auto1.uasset'
[2017.11.14-12.19.05:272][484]LogSavePackage: Display: Finished SavePackage ../../../../../_PROGRAMAÇÃO/__ProjetosUE/CaveManVsAliens/Saved/Autosaves/Game/Content_CaveMan/Blueprints/AI/AIEnemyBlackboard_Auto1.uasset
[2017.11.14-12.19.05:272][484]LogFileHelpers: Auto-saving content packages took 0.047
[2017.11.14-12.20.30:745][766]LogSavePackage: Save=16.48ms
[2017.11.14-12.20.30:745][766]LogSavePackage: Moving '../../../../../_PROGRAMAÇÃO/__ProjetosUE/CaveManVsAliens/Saved/AIEnemyBehaviorT4B83BB9F4A45D14F3EBB9BBDD1EB6BE1.tmp' to '../../../../../_PROGRAMAÇÃO/__ProjetosUE/CaveManVsAliens/Content/Content_CaveMan/Blueprints/AI/AIEnemyBehaviorT.uasset'
[2017.11.14-12.20.30:746][766]LogSavePackage: Display: Finished SavePackage ../../../../../_PROGRAMAÇÃO/__ProjetosUE/CaveManVsAliens/Content/Content_CaveMan/Blueprints/AI/AIEnemyBehaviorT.uasset
[2017.11.14-12.20.44:846][431]LogSavePackage: Save=19.58ms
[2017.11.14-12.20.44:846][431]LogSavePackage: Moving '../../../../../_PROGRAMAÇÃO/__ProjetosUE/CaveManVsAliens/Saved/AIEnemyBehaviorTB42F3B2D4928439B39D6769A1D9AB9D8.tmp' to '../../../../../_PROGRAMAÇÃO/__ProjetosUE/CaveManVsAliens/Content/Content_CaveMan/Blueprints/AI/AIEnemyBehaviorT.uasset'
[2017.11.14-12.20.44:847][431]LogSavePackage: Display: Finished SavePackage ../../../../../_PROGRAMAÇÃO/__ProjetosUE/CaveManVsAliens/Content/Content_CaveMan/Blueprints/AI/AIEnemyBehaviorT.uasset
[2017.11.14-12.21.24:432][114]LogSavePackage: Save=20.32ms
[2017.11.14-12.21.24:432][114]LogSavePackage: Moving '../../../../../_PROGRAMAÇÃO/__ProjetosUE/CaveManVsAliens/Saved/AIEnemyBehaviorTD508751C4DB9449A037BA9B1B87226C4.tmp' to '../../../../../_PROGRAMAÇÃO/__ProjetosUE/CaveManVsAliens/Content/Content_CaveMan/Blueprints/AI/AIEnemyBehaviorT.uasset'
[2017.11.14-12.21.24:434][114]LogSavePackage: Display: Finished SavePackage ../../../../../_PROGRAMAÇÃO/__ProjetosUE/CaveManVsAliens/Content/Content_CaveMan/Blueprints/AI/AIEnemyBehaviorT.uasset
[2017.11.14-12.22.18:969][547]BlueprintLog: New page: Compile TASK-Patrol
[2017.11.14-12.24.54:275][ 29]LogEditorTransaction: Undo Paste clipboard contents
[2017.11.14-12.24.55:155][132]LogUObjectHash: Warning: Ambiguous search, could be K2Node_Event /Game/Content_CaveMan/Blueprints/AI/TASK-Patrol.TASK-Patrol:EventGraph.K2Node_Event_0 or K2Node_Event /Game/Content_CaveMan/Blueprints/AI/TASK-Patrol.TASK-Patrol:EventGraph.K2Node_Event_0
[2017.11.14-12.24.55:155][132]LogUObjectHash: Warning: Ambiguous search, could be K2Node_CallFunction /Game/Content_CaveMan/Blueprints/AI/TASK-Patrol.TASK-Patrol:EventGraph.K2Node_CallFunction_23 or K2Node_CallFunction /Game/Content_CaveMan/Blueprints/AI/TASK-Patrol.TASK-Patrol:EventGraph.K2Node_CallFunction_23
[2017.11.14-12.24.55:155][132]LogUObjectHash: Warning: Ambiguous search, could be K2Node_CallFunction /Game/Content_CaveMan/Blueprints/AI/TASK-Patrol.TASK-Patrol:EventGraph.K2Node_CallFunction_68 or K2Node_CallFunction /Game/Content_CaveMan/Blueprints/AI/TASK-Patrol.TASK-Patrol:EventGraph.K2Node_CallFunction_68
[2017.11.14-12.24.55:156][132]LogUObjectHash: Warning: Ambiguous search, could be K2Node_CallFunction /Game/Content_CaveMan/Blueprints/AI/TASK-Patrol.TASK-Patrol:EventGraph.K2Node_CallFunction_163 or K2Node_CallFunction /Game/Content_CaveMan/Blueprints/AI/TASK-Patrol.TASK-Patrol:EventGraph.K2Node_CallFunction_163
[2017.11.14-12.24.55:156][132]LogUObjectHash: Warning: Ambiguous search, could be K2Node_CallFunction /Game/Content_CaveMan/Blueprints/AI/TASK-Patrol.TASK-Patrol:EventGraph.K2Node_CallFunction_164 or K2Node_CallFunction /Game/Content_CaveMan/Blueprints/AI/TASK-Patrol.TASK-Patrol:EventGraph.K2Node_CallFunction_164
[2017.11.14-12.24.55:156][132]LogUObjectHash: Warning: Ambiguous search, could be K2Node_CallFunction /Game/Content_CaveMan/Blueprints/AI/TASK-Patrol.TASK-Patrol:EventGraph.K2Node_CallFunction_165 or K2Node_CallFunction /Game/Content_CaveMan/Blueprints/AI/TASK-Patrol.TASK-Patrol:EventGraph.K2Node_CallFunction_165
[2017.11.14-12.24.55:156][132]LogUObjectHash: Warning: Ambiguous search, could be K2Node_CallFunction /Game/Content_CaveMan/Blueprints/AI/TASK-Patrol.TASK-Patrol:EventGraph.K2Node_CallFunction_166 or K2Node_CallFunction /Game/Content_CaveMan/Blueprints/AI/TASK-Patrol.TASK-Patrol:EventGraph.K2Node_CallFunction_166
[2017.11.14-12.24.55:156][132]LogUObjectHash: Warning: Ambiguous search, could be K2Node_Knot /Game/Content_CaveMan/Blueprints/AI/TASK-Patrol.TASK-Patrol:EventGraph.K2Node_Knot_2 or K2Node_Knot /Game/Content_CaveMan/Blueprints/AI/TASK-Patrol.TASK-Patrol:EventGraph.K2Node_Knot_2
[2017.11.14-12.24.55:156][132]LogUObjectHash: Warning: Ambiguous search, could be K2Node_Knot /Game/Content_CaveMan/Blueprints/AI/TASK-Patrol.TASK-Patrol:EventGraph.K2Node_Knot_3 or K2Node_Knot /Game/Content_CaveMan/Blueprints/AI/TASK-Patrol.TASK-Patrol:EventGraph.K2Node_Knot_3
[2017.11.14-12.24.55:156][132]LogUObjectHash: Warning: Ambiguous search, could be K2Node_CallFunction /Game/Content_CaveMan/Blueprints/AI/TASK-Patrol.TASK-Patrol:EventGraph.K2Node_CallFunction_2 or K2Node_CallFunction /Game/Content_CaveMan/Blueprints/AI/TASK-Patrol.TASK-Patrol:EventGraph.K2Node_CallFunction_2
[2017.11.14-12.24.55:157][132]LogUObjectHash: Warning: Ambiguous search, could be K2Node_CallFunction /Game/Content_CaveMan/Blueprints/AI/TASK-Patrol.TASK-Patrol:EventGraph.K2Node_CallFunction_3 or K2Node_CallFunction /Game/Content_CaveMan/Blueprints/AI/TASK-Patrol.TASK-Patrol:EventGraph.K2Node_CallFunction_3
[2017.11.14-12.24.55:157][132]LogUObjectHash: Warning: Ambiguous search, could be K2Node_CommutativeAssociativeBinaryOperator /Game/Content_CaveMan/Blueprints/AI/TASK-Patrol.TASK-Patrol:EventGraph.K2Node_CommutativeAssociativeBinaryOperator_3 or K2Node_CommutativeAssociativeBinaryOperator /Game/Content_CaveMan/Blueprints/AI/TASK-Patrol.TASK-Patrol:EventGraph.K2Node_CommutativeAssociativeBinaryOperator_3
[2017.11.14-12.24.55:157][132]LogUObjectHash: Warning: Ambiguous search, could be K2Node_CommutativeAssociativeBinaryOperator /Game/Content_CaveMan/Blueprints/AI/TASK-Patrol.TASK-Patrol:EventGraph.K2Node_CommutativeAssociativeBinaryOperator_2 or K2Node_CommutativeAssociativeBinaryOperator /Game/Content_CaveMan/Blueprints/AI/TASK-Patrol.TASK-Patrol:EventGraph.K2Node_CommutativeAssociativeBinaryOperator_2
[2017.11.14-12.24.55:157][132]LogUObjectHash: Warning: Ambiguous search, could be K2Node_CommutativeAssociativeBinaryOperator /Game/Content_CaveMan/Blueprints/AI/TASK-Patrol.TASK-Patrol:EventGraph.K2Node_CommutativeAssociativeBinaryOperator_0 or K2Node_CommutativeAssociativeBinaryOperator /Game/Content_CaveMan/Blueprints/AI/TASK-Patrol.TASK-Patrol:EventGraph.K2Node_CommutativeAssociativeBinaryOperator_0
[2017.11.14-12.24.55:157][132]LogUObjectHash: Warning: Ambiguous search, could be K2Node_CommutativeAssociativeBinaryOperator /Game/Content_CaveMan/Blueprints/AI/TASK-Patrol.TASK-Patrol:EventGraph.K2Node_CommutativeAssociativeBinaryOperator_1 or K2Node_CommutativeAssociativeBinaryOperator /Game/Content_CaveMan/Blueprints/AI/TASK-Patrol.TASK-Patrol:EventGraph.K2Node_CommutativeAssociativeBinaryOperator_1
[2017.11.14-12.24.55:157][132]LogUObjectHash: Warning: Ambiguous search, could be K2Node_CallFunction /Game/Content_CaveMan/Blueprints/AI/TASK-Patrol.TASK-Patrol:EventGraph.K2Node_CallFunction_6 or K2Node_CallFunction /Game/Content_CaveMan/Blueprints/AI/TASK-Patrol.TASK-Patrol:EventGraph.K2Node_CallFunction_6
[2017.11.14-12.24.55:157][132]LogUObjectHash: Warning: Ambiguous search, could be K2Node_CallFunction /Game/Content_CaveMan/Blueprints/AI/TASK-Patrol.TASK-Patrol:EventGraph.K2Node_CallFunction_5 or K2Node_CallFunction /Game/Content_CaveMan/Blueprints/AI/TASK-Patrol.TASK-Patrol:EventGraph.K2Node_CallFunction_5
[2017.11.14-12.24.58:129][484]BlueprintLog: New page: Compile TASK-Patrol
[2017.11.14-12.24.58:921][538]LogSavePackage: Save=42.86ms
[2017.11.14-12.24.58:921][538]LogSavePackage: Moving '../../../../../_PROGRAMAÇÃO/__ProjetosUE/CaveManVsAliens/Saved/TASK-Patrol0F1AE67D4DEC295C32FACABF382D4E3B.tmp' to '../../../../../_PROGRAMAÇÃO/__ProjetosUE/CaveManVsAliens/Content/Content_CaveMan/Blueprints/AI/TASK-Patrol.uasset'
[2017.11.14-12.24.58:923][538]LogSavePackage: Display: Finished SavePackage ../../../../../_PROGRAMAÇÃO/__ProjetosUE/CaveManVsAliens/Content/Content_CaveMan/Blueprints/AI/TASK-Patrol.uasset
[2017.11.14-12.25.03:424][765]LogSavePackage: Save=20.60ms
[2017.11.14-12.25.03:424][765]LogSavePackage: Moving '../../../../../_PROGRAMAÇÃO/__ProjetosUE/CaveManVsAliens/Saved/AIEnemyBlackboardC46F3C2C42F0882225E12C9A0C082D60.tmp' to '../../../../../_PROGRAMAÇÃO/__ProjetosUE/CaveManVsAliens/Content/Content_CaveMan/Blueprints/AI/AIEnemyBlackboard.uasset'
[2017.11.14-12.25.03:426][765]LogSavePackage: Display: Finished SavePackage ../../../../../_PROGRAMAÇÃO/__ProjetosUE/CaveManVsAliens/Content/Content_CaveMan/Blueprints/AI/AIEnemyBlackboard.uasset
