Log file open, 11/07/17 22:13:36
LogWindows: Failed to load 'aqProf.dll' (GetLastError=126)
LogWindows: File 'aqProf.dll' does not exist
LogWindows: Failed to load 'VtuneApi.dll' (GetLastError=126)
LogWindows: File 'VtuneApi.dll' does not exist
LogWindows: Failed to load 'VtuneApi32e.dll' (GetLastError=126)
LogWindows: File 'VtuneApi32e.dll' does not exist
LogInit: Display: Running engine for game: CaveManVsAliens
LogPlatformFile: Not using cached read wrapper
LogInit: Display: RandInit(399059419) SRandInit(399059419).
LogInit: Read version file with build ID '3709383'
LogInit: Overriding engine version to CL 3709383, compatible CL 3709383
LogInit: Registered custom module enumerator with build ID '3709383'
LogTaskGraph: Started task graph with 5 named threads and 11 total threads with 3 sets of task threads.
LogStats: Stats thread started at 0.161523
LogD3D11RHI: Aftermath initialized
LogModuleManager: Display: Found up-to-date module file ../../../Engine/Plugins/2D/Paper2D/Binaries/Win64/UE4Editor-Paper2D.dll (API version 3709383).
LogModuleManager: Display: Found up-to-date module file ../../../Engine/Plugins/2D/Paper2D/Binaries/Win64/UE4Editor-Paper2DEditor.dll (API version 3709383).
LogModuleManager: Display: Found up-to-date module file ../../../Engine/Plugins/2D/Paper2D/Binaries/Win64/UE4Editor-PaperSpriteSheetImporter.dll (API version 3709383).
LogModuleManager: Display: Found up-to-date module file ../../../Engine/Plugins/2D/Paper2D/Binaries/Win64/UE4Editor-PaperTiledImporter.dll (API version 3709383).
LogModuleManager: Display: Found up-to-date module file ../../../Engine/Plugins/2D/Paper2D/Binaries/Win64/UE4Editor-SmartSnapping.dll (API version 3709383).
LogModuleManager: Display: Found up-to-date module file ../../../Engine/Plugins/Blendables/LightPropagationVolume/Binaries/Win64/UE4Editor-LightPropagationVolumeRuntime.dll (API version 3709383).
LogModuleManager: Display: Found up-to-date module file ../../../Engine/Plugins/Blendables/LightPropagationVolume/Binaries/Win64/UE4Editor-LightPropagationVolumeEditor.dll (API version 3709383).
LogModuleManager: Display: Found up-to-date module file ../../../Engine/Plugins/Developer/GitSourceControl/Binaries/Win64/UE4Editor-GitSourceControl.dll (API version 3709383).
LogModuleManager: Display: Found up-to-date module file ../../../Engine/Plugins/Developer/PerforceSourceControl/Binaries/Win64/UE4Editor-PerforceSourceControl.dll (API version 3709383).
LogModuleManager: Display: Found up-to-date module file ../../../Engine/Plugins/Developer/SubversionSourceControl/Binaries/Win64/UE4Editor-SubversionSourceControl.dll (API version 3709383).
LogModuleManager: Display: Found up-to-date module file ../../../Engine/Plugins/Developer/UObjectPlugin/Binaries/Win64/UE4Editor-UObjectPlugin.dll (API version 3709383).
LogModuleManager: Display: Found up-to-date module file ../../../Engine/Plugins/Developer/VisualStudioCodeSourceCodeAccess/Binaries/Win64/UE4Editor-VisualStudioCodeSourceCodeAccess.dll (API version 3709383).
LogModuleManager: Display: Found up-to-date module file ../../../Engine/Plugins/Developer/VisualStudioSourceCodeAccess/Binaries/Win64/UE4Editor-VisualStudioSourceCodeAccess.dll (API version 3709383).
LogModuleManager: Display: Found up-to-date module file ../../../Engine/Plugins/Editor/AssetManagerEditor/Binaries/Win64/UE4Editor-AssetManagerEditor.dll (API version 3709383).
LogModuleManager: Display: Found up-to-date module file ../../../Engine/Plugins/Editor/AudioCapture/Binaries/Win64/UE4Editor-AudioCapture.dll (API version 3709383).
LogModuleManager: Display: Found up-to-date module file ../../../Engine/Plugins/Editor/FacialAnimation/Binaries/Win64/UE4Editor-FacialAnimation.dll (API version 3709383).
LogModuleManager: Display: Found up-to-date module file ../../../Engine/Plugins/Editor/FacialAnimation/Binaries/Win64/UE4Editor-FacialAnimationEditor.dll (API version 3709383).
LogModuleManager: Display: Found up-to-date module file ../../../Engine/Plugins/Editor/GameplayTagsEditor/Binaries/Win64/UE4Editor-GameplayTagsEditor.dll (API version 3709383).
LogModuleManager: Display: Found up-to-date module file ../../../Engine/Plugins/Editor/MobileLauncherProfileWizard/Binaries/Win64/UE4Editor-MobileLauncherProfileWizard.dll (API version 3709383).
LogModuleManager: Display: Found up-to-date module file ../../../Engine/Plugins/Editor/PluginBrowser/Binaries/Win64/UE4Editor-PluginBrowser.dll (API version 3709383).
LogModuleManager: Display: Found up-to-date module file ../../../Engine/Plugins/Editor/SpeedTreeImporter/Binaries/Win64/UE4Editor-SpeedTreeImporter.dll (API version 3709383).
LogModuleManager: Display: Found up-to-date module file ../../../Engine/Plugins/Experimental/AlembicImporter/Binaries/Win64/UE4Editor-AlembicImporter.dll (API version 3709383).
LogModuleManager: Display: Found up-to-date module file ../../../Engine/Plugins/Experimental/AlembicImporter/Binaries/Win64/UE4Editor-AlembicLibrary.dll (API version 3709383).
LogModuleManager: Display: Found up-to-date module file ../../../Engine/Plugins/Experimental/CharacterAI/Binaries/Win64/UE4Editor-CharacterAI.dll (API version 3709383).
LogModuleManager: Display: Found up-to-date module file ../../../Engine/Plugins/Experimental/HTML5Networking/Binaries/Win64/UE4Editor-HTML5Networking.dll (API version 3709383).
LogModuleManager: Display: Found up-to-date module file ../../../Engine/Plugins/Media/AndroidMedia/Binaries/Win64/UE4Editor-AndroidMediaEditor.dll (API version 3709383).
LogModuleManager: Display: Found up-to-date module file ../../../Engine/Plugins/Media/AndroidMedia/Binaries/Win64/UE4Editor-AndroidMediaFactory.dll (API version 3709383).
LogModuleManager: Display: Found up-to-date module file ../../../Engine/Plugins/Media/AvfMedia/Binaries/Win64/UE4Editor-AvfMediaEditor.dll (API version 3709383).
LogModuleManager: Display: Found up-to-date module file ../../../Engine/Plugins/Media/AvfMedia/Binaries/Win64/UE4Editor-AvfMediaFactory.dll (API version 3709383).
LogModuleManager: Display: Found up-to-date module file ../../../Engine/Plugins/Media/AvfMedia/Binaries/Win64/UE4Editor-AvfMediaFactory.dll (API version 3709383).
LogModuleManager: Display: Found up-to-date module file ../../../Engine/Plugins/Media/ImgMedia/Binaries/Win64/UE4Editor-ImgMedia.dll (API version 3709383).
LogModuleManager: Display: Found up-to-date module file ../../../Engine/Plugins/Media/ImgMedia/Binaries/Win64/UE4Editor-ImgMediaEditor.dll (API version 3709383).
LogModuleManager: Display: Found up-to-date module file ../../../Engine/Plugins/Media/ImgMedia/Binaries/Win64/UE4Editor-ImgMediaFactory.dll (API version 3709383).
LogModuleManager: Display: Found up-to-date module file ../../../Engine/Plugins/Media/ImgMedia/Binaries/Win64/UE4Editor-ImgMediaFactory.dll (API version 3709383).
LogModuleManager: Display: Found up-to-date module file ../../../Engine/Plugins/Media/ImgMedia/Binaries/Win64/UE4Editor-OpenExrWrapper.dll (API version 3709383).
LogModuleManager: Display: Found up-to-date module file ../../../Engine/Plugins/Media/MediaCompositing/Binaries/Win64/UE4Editor-MediaCompositing.dll (API version 3709383).
LogModuleManager: Display: Found up-to-date module file ../../../Engine/Plugins/Media/MediaCompositing/Binaries/Win64/UE4Editor-MediaCompositingEditor.dll (API version 3709383).
LogModuleManager: Display: Found up-to-date module file ../../../Engine/Plugins/Media/MediaPlayerEditor/Binaries/Win64/UE4Editor-MediaPlayerEditor.dll (API version 3709383).
LogModuleManager: Display: Found up-to-date module file ../../../Engine/Plugins/Media/WmfMedia/Binaries/Win64/UE4Editor-WmfMedia.dll (API version 3709383).
LogModuleManager: Display: Found up-to-date module file ../../../Engine/Plugins/Media/WmfMedia/Binaries/Win64/UE4Editor-WmfMediaEditor.dll (API version 3709383).
LogModuleManager: Display: Found up-to-date module file ../../../Engine/Plugins/Media/WmfMedia/Binaries/Win64/UE4Editor-WmfMediaFactory.dll (API version 3709383).
LogModuleManager: Display: Found up-to-date module file ../../../Engine/Plugins/Media/WmfMedia/Binaries/Win64/UE4Editor-WmfMediaFactory.dll (API version 3709383).
LogModuleManager: Display: Found up-to-date module file ../../../Engine/Plugins/Messaging/TcpMessaging/Binaries/Win64/UE4Editor-TcpMessaging.dll (API version 3709383).
LogModuleManager: Display: Found up-to-date module file ../../../Engine/Plugins/Messaging/UdpMessaging/Binaries/Win64/UE4Editor-UdpMessaging.dll (API version 3709383).
LogModuleManager: Display: Found up-to-date module file ../../../Engine/Plugins/MovieScene/ActorSequence/Binaries/Win64/UE4Editor-ActorSequence.dll (API version 3709383).
LogModuleManager: Display: Found up-to-date module file ../../../Engine/Plugins/MovieScene/LevelSequenceEditor/Binaries/Win64/UE4Editor-LevelSequenceEditor.dll (API version 3709383).
LogModuleManager: Display: Found up-to-date module file ../../../Engine/Plugins/MovieScene/MatineeToLevelSequence/Binaries/Win64/UE4Editor-MatineeToLevelSequence.dll (API version 3709383).
LogModuleManager: Display: Found up-to-date module file ../../../Engine/Plugins/Online/OnlineSubsystem/Binaries/Win64/UE4Editor-OnlineSubsystem.dll (API version 3709383).
LogModuleManager: Display: Found up-to-date module file ../../../Engine/Plugins/Runtime/AndroidPermission/Binaries/Win64/UE4Editor-AndroidPermission.dll (API version 3709383).
LogModuleManager: Display: Found up-to-date module file ../../../Engine/Plugins/Online/OnlineSubsystemNull/Binaries/Win64/UE4Editor-OnlineSubsystemNull.dll (API version 3709383).
LogModuleManager: Display: Found up-to-date module file ../../../Engine/Plugins/Online/OnlineSubsystemUtils/Binaries/Win64/UE4Editor-OnlineSubsystemUtils.dll (API version 3709383).
LogModuleManager: Display: Found up-to-date module file ../../../Engine/Plugins/Online/OnlineSubsystemUtils/Binaries/Win64/UE4Editor-OnlineBlueprintSupport.dll (API version 3709383).
LogModuleManager: Display: Found up-to-date module file ../../../Engine/Plugins/Runtime/AndroidDeviceProfileSelector/Binaries/Win64/UE4Editor-AndroidDeviceProfileSelector.dll (API version 3709383).
LogModuleManager: Display: Found up-to-date module file ../../../Engine/Plugins/Runtime/AppleARKit/Binaries/Win64/UE4Editor-AppleARKit.dll (API version 3709383).
LogModuleManager: Display: Found up-to-date module file ../../../Engine/Plugins/Runtime/ArchVisCharacter/Binaries/Win64/UE4Editor-ArchVisCharacter.dll (API version 3709383).
LogModuleManager: Display: Found up-to-date module file ../../../Engine/Plugins/Runtime/CableComponent/Binaries/Win64/UE4Editor-CableComponent.dll (API version 3709383).
LogModuleManager: Display: Found up-to-date module file ../../../Engine/Plugins/Runtime/CustomMeshComponent/Binaries/Win64/UE4Editor-CustomMeshComponent.dll (API version 3709383).
LogModuleManager: Display: Found up-to-date module file ../../../Engine/Plugins/Runtime/ExampleDeviceProfileSelector/Binaries/Win64/UE4Editor-ExampleDeviceProfileSelector.dll (API version 3709383).
LogModuleManager: Display: Found up-to-date module file ../../../Engine/Plugins/Runtime/ImmediatePhysics/Binaries/Win64/UE4Editor-ImmediatePhysics.dll (API version 3709383).
LogModuleManager: Display: Found up-to-date module file ../../../Engine/Plugins/Runtime/ImmediatePhysics/Binaries/Win64/UE4Editor-ImmediatePhysicsEditor.dll (API version 3709383).
LogModuleManager: Display: Found up-to-date module file ../../../Engine/Plugins/Runtime/LocationServicesBPLibrary/Binaries/Win64/UE4Editor-LocationServicesBPLibrary.dll (API version 3709383).
LogModuleManager: Display: Found up-to-date module file ../../../Engine/Plugins/Runtime/MobilePatchingUtils/Binaries/Win64/UE4Editor-MobilePatchingUtils.dll (API version 3709383).
LogModuleManager: Display: Found up-to-date module file ../../../Engine/Plugins/Runtime/Oculus/OculusVR/Binaries/Win64/UE4Editor-OculusHMD.dll (API version 3709383).
LogModuleManager: Display: Found up-to-date module file ../../../Engine/Plugins/Runtime/Oculus/OculusVR/Binaries/Win64/UE4Editor-OculusInput.dll (API version 3709383).
LogModuleManager: Display: Found up-to-date module file ../../../Engine/Plugins/Runtime/Oculus/OculusVR/Binaries/Win64/UE4Editor-OculusEditor.dll (API version 3709383).
LogModuleManager: Display: Found up-to-date module file ../../../Engine/Plugins/Runtime/PhysXVehicles/Binaries/Win64/UE4Editor-PhysXVehicles.dll (API version 3709383).
LogModuleManager: Display: Found up-to-date module file ../../../Engine/Plugins/Runtime/PhysXVehicles/Binaries/Win64/UE4Editor-PhysXVehiclesEditor.dll (API version 3709383).
LogModuleManager: Display: Found up-to-date module file ../../../Engine/Plugins/Runtime/ProceduralMeshComponent/Binaries/Win64/UE4Editor-ProceduralMeshComponent.dll (API version 3709383).
LogModuleManager: Display: Found up-to-date module file ../../../Engine/Plugins/Runtime/ProceduralMeshComponent/Binaries/Win64/UE4Editor-ProceduralMeshComponentEditor.dll (API version 3709383).
LogModuleManager: Display: Found up-to-date module file ../../../Engine/Plugins/Runtime/RuntimePhysXCooking/Binaries/Win64/UE4Editor-RuntimePhysXCooking.dll (API version 3709383).
LogModuleManager: Display: Found up-to-date module file ../../../Engine/Plugins/Runtime/Steam/SteamVR/Binaries/Win64/UE4Editor-SteamVR.dll (API version 3709383).
LogModuleManager: Display: Found up-to-date module file ../../../Engine/Plugins/Runtime/Steam/SteamVR/Binaries/Win64/UE4Editor-SteamVRController.dll (API version 3709383).
LogModuleManager: Display: Found up-to-date module file ../../../Engine/Plugins/Runtime/WindowsMoviePlayer/Binaries/Win64/UE4Editor-WindowsMoviePlayer.dll (API version 3709383).
LogPluginManager: Mounting plugin Paper2D
LogPluginManager: Mounting plugin LightPropagationVolume
LogPluginManager: Mounting plugin CodeLiteSourceCodeAccess
LogPluginManager: Mounting plugin GitSourceControl
LogPluginManager: Mounting plugin KDevelopSourceCodeAccess
LogPluginManager: Mounting plugin NullSourceCodeAccess
LogPluginManager: Mounting plugin PerforceSourceControl
LogPluginManager: Mounting plugin SubversionSourceControl
LogPluginManager: Mounting plugin UObjectPlugin
LogPluginManager: Mounting plugin VisualStudioCodeSourceCodeAccess
LogPluginManager: Mounting plugin VisualStudioSourceCodeAccess
LogPluginManager: Mounting plugin XCodeSourceCodeAccess
LogPluginManager: Mounting plugin AssetManagerEditor
LogPluginManager: Mounting plugin AudioCapture
LogPluginManager: Mounting plugin FacialAnimation
LogPluginManager: Mounting plugin GameplayTagsEditor
LogPluginManager: Mounting plugin MobileLauncherProfileWizard
LogPluginManager: Mounting plugin PluginBrowser
LogPluginManager: Mounting plugin SpeedTreeImporter
LogPluginManager: Mounting plugin AlembicImporter
LogPluginManager: Mounting plugin CharacterAI
LogPluginManager: Mounting plugin HTML5Networking
LogPluginManager: Mounting plugin AndroidMedia
LogPluginManager: Mounting plugin AvfMedia
LogPluginManager: Mounting plugin ImgMedia
LogPluginManager: Mounting plugin MediaCompositing
LogPluginManager: Mounting plugin MediaPlayerEditor
LogPluginManager: Mounting plugin WmfMedia
LogPluginManager: Mounting plugin TcpMessaging
LogPluginManager: Mounting plugin UdpMessaging
LogPluginManager: Mounting plugin ActorSequence
LogPluginManager: Mounting plugin LevelSequenceEditor
LogPluginManager: Mounting plugin MatineeToLevelSequence
LogPluginManager: Mounting plugin OnlineSubsystemGooglePlay
LogPluginManager: Mounting plugin OnlineSubsystemIOS
LogPluginManager: Mounting plugin OnlineSubsystem
LogPluginManager: Mounting plugin OnlineSubsystemNull
LogPluginManager: Mounting plugin OnlineSubsystemUtils
LogPluginManager: Mounting plugin AndroidDeviceProfileSelector
LogPluginManager: Mounting plugin AndroidMoviePlayer
LogPluginManager: Mounting plugin AndroidPermission
LogPluginManager: Mounting plugin AppleARKit
LogPluginManager: Mounting plugin AppleMoviePlayer
LogPluginManager: Mounting plugin ArchVisCharacter
LogPluginManager: Mounting plugin CableComponent
LogPluginManager: Mounting plugin CustomMeshComponent
LogPluginManager: Mounting plugin ExampleDeviceProfileSelector
LogPluginManager: Mounting plugin GoogleCloudMessaging
LogPluginManager: Mounting plugin ImmediatePhysics
LogPluginManager: Mounting plugin IOSDeviceProfileSelector
LogPluginManager: Mounting plugin LinuxDeviceProfileSelector
LogPluginManager: Mounting plugin LocationServicesBPLibrary
LogPluginManager: Mounting plugin MobilePatchingUtils
LogPluginManager: Mounting plugin OculusVR
LogPluginManager: Plugin shader directory ../../../Engine/Plugins/Runtime/Oculus/OculusVR/Shaders found
LogPluginManager: Mapping shader source directory ../../../Engine/Plugins/Runtime/Oculus/OculusVR/Shaders to virtual directory /Plugin/OculusVR
LogPluginManager: Mounting plugin PhysXVehicles
LogPluginManager: Mounting plugin ProceduralMeshComponent
LogPluginManager: Mounting plugin RuntimePhysXCooking
LogPluginManager: Mounting plugin SteamVR
LogPluginManager: Mounting plugin WindowsMoviePlayer
LogInit: Using libcurl 7.47.1
LogInit:  - built for x86_64-pc-win32
LogInit:  - supports SSL with OpenSSL/1.0.2g
LogInit:  - supports HTTP deflate (compression) using libz 1.2.8
LogInit:  - other features:
LogInit:      CURL_VERSION_SSL
LogInit:      CURL_VERSION_LIBZ
LogInit:      CURL_VERSION_IPV6
LogInit:      CURL_VERSION_ASYNCHDNS
LogInit:      CURL_VERSION_LARGEFILE
LogInit:      CURL_VERSION_IDN
LogInit:  CurlRequestOptions (configurable via config and command line):
LogInit:  - bVerifyPeer = false  - Libcurl will NOT verify peer certificate
LogInit:  - bUseHttpProxy = false  - Libcurl will NOT use HTTP proxy
LogInit:  - bDontReuseConnections = false  - Libcurl will reuse connections
LogInit:  - CertBundlePath = nullptr  - Libcurl will use whatever was configured at build time.
LogInit: Build: ++UE4+Release-4.18-CL-3709383
LogInit: Engine Version: 4.18.0-3709383+++UE4+Release-4.18
LogInit: Compatible Engine Version: 4.18.0-3709383+++UE4+Release-4.18
LogInit: Net CL: 3709383
LogDevObjectVersion: Number of dev versions registered: 16
LogDevObjectVersion:   Dev-Blueprints (B0D832E4-1F89-4F0D-ACCF-7EB736FD4AA2): 10
LogDevObjectVersion:   Dev-Build (E1C64328-A22C-4D53-A36C-8E866417BD8C): 0
LogDevObjectVersion:   Dev-Core (375EC13C-06E4-48FB-B500-84F0262A717E): 2
LogDevObjectVersion:   Dev-Editor (E4B068ED-F494-42E9-A231-DA0B2E46BB41): 20
LogDevObjectVersion:   Dev-Framework (CFFC743F-43B0-4480-9391-14DF171D2073): 30
LogDevObjectVersion:   Dev-Mobile (B02B49B5-BB20-44E9-A304-32B752E40360): 0
LogDevObjectVersion:   Dev-Networking (A4E4105C-59A1-49B5-A7C5-40C4547EDFEE): 0
LogDevObjectVersion:   Dev-Online (39C831C9-5AE6-47DC-9A44-9C173E1C8E7C): 0
LogDevObjectVersion:   Dev-Physics (78F01B33-EBEA-4F98-B9B4-84EACCB95AA2): 0
LogDevObjectVersion:   Dev-Platform (6631380F-2D4D-43E0-8009-CF276956A95A): 0
LogDevObjectVersion:   Dev-Rendering (12F88B9F-8875-4AFC-A67C-D90C383ABD29): 20
LogDevObjectVersion:   Dev-Sequencer (7B5AE74C-D270-4C10-A958-57980B212A5A): 4
LogDevObjectVersion:   Dev-VR (D7296918-1DD6-4BDD-9DE2-64A83CC13884): 0
LogDevObjectVersion:   Dev-LoadTimes (C2A15278-BFE7-4AFE-6C17-90FF531DF755): 1
LogDevObjectVersion:   Private-Geometry (6EACA3D4-40EC-4CC1-B786-8BED09428FC5): 1
LogDevObjectVersion:   Dev-AnimPhys (29E575DD-E0A3-4627-9D10-D276232CDCEA): 12
LogInit: Compiled (64-bit): Oct 20 2017 10:39:19
LogInit: Compiled with Visual C++: 19.00.24215.01
LogInit: Build Configuration: Development
LogInit: Branch Name: ++UE4+Release-4.18
LogInit: Command line:  
LogInit: Base directory: E:/Epic Games/UE_4.18/Engine/Binaries/Win64/
LogInit: Installed Engine Build: 1
LogInit: Presizing for max 8388607 objects, including 0 objects not considered by GC, pre-allocating 0 bytes for permanent pool.
LogInit: Object subsystem initialized
[2017.11.08-00.13.38:442][  0]LogInit: Selected Device Profile: [Windows]
[2017.11.08-00.13.38:442][  0]LogInit: Applying CVar settings loaded from the selected device profile: [Windows]
[2017.11.08-00.13.38:467][  0]LogInit: Computer: ARTHUR-DESKTOP
[2017.11.08-00.13.38:467][  0]LogInit: User: Arthur
[2017.11.08-00.13.38:467][  0]LogInit: CPU Page size=4096, Cores=3
[2017.11.08-00.13.38:467][  0]LogInit: High frequency timer resolution =3.433749 MHz
[2017.11.08-00.13.38:467][  0]LogMemory: Memory total: Physical=8.0GB (8GB approx)
[2017.11.08-00.13.38:467][  0]LogMemory: Platform Memory Stats for Windows
[2017.11.08-00.13.38:467][  0]LogMemory: Process Physical Memory: 272.09 MB used, 272.09 MB peak
[2017.11.08-00.13.38:467][  0]LogMemory: Process Virtual Memory: 273.53 MB used, 273.53 MB peak
[2017.11.08-00.13.38:467][  0]LogMemory: Physical Memory: 2401.54 MB used,  5757.12 MB free, 8158.66 MB total
[2017.11.08-00.13.38:467][  0]LogMemory: Virtual Memory: 651.02 MB used,  5757.12 MB free, 134217728.00 MB total
[2017.11.08-00.13.38:644][  0]LogInit: Overriding language with editor language configuration option (en).
[2017.11.08-00.13.38:644][  0]LogInit: Overriding locale with editor locale configuration option (en).
[2017.11.08-00.13.39:129][  0]LogInit: Setting process to per monitor DPI aware
[2017.11.08-00.13.39:447][  0]LogD3D11RHI: D3D11 adapters:
[2017.11.08-00.13.39:464][  0]LogD3D11RHI:    0. 'AMD Radeon R7 200 Series' (Feature Level 11_0)
[2017.11.08-00.13.39:465][  0]LogD3D11RHI:       2024/0/4079 MB DedicatedVideo/DedicatedSystem/SharedSystem, Outputs:1, VendorId:0x1002
[2017.11.08-00.13.39:466][  0]LogD3D11RHI:    1. 'Microsoft Basic Render Driver' (Feature Level 11_0)
[2017.11.08-00.13.39:466][  0]LogD3D11RHI:       0/0/4079 MB DedicatedVideo/DedicatedSystem/SharedSystem, Outputs:0, VendorId:0x1414
[2017.11.08-00.13.39:466][  0]LogD3D11RHI: Chosen D3D11 Adapter: 0
[2017.11.08-00.13.39:473][  0]LogD3D11RHI: Creating new Direct3DDevice
[2017.11.08-00.13.39:473][  0]LogD3D11RHI:     GPU DeviceId: 0x6658 (for the marketing name, search the web for "GPU Device Id")
[2017.11.08-00.13.39:473][  0]LogWindows: EnumDisplayDevices:
[2017.11.08-00.13.39:473][  0]LogWindows:    0. 'AMD Radeon R7 200 Series' (P:1 D:1)
[2017.11.08-00.13.39:474][  0]LogWindows:    1. 'AMD Radeon R7 200 Series' (P:0 D:0)
[2017.11.08-00.13.39:474][  0]LogWindows:    2. 'AMD Radeon R7 200 Series' (P:0 D:0)
[2017.11.08-00.13.39:474][  0]LogWindows:    3. 'AMD Radeon R7 200 Series' (P:0 D:0)
[2017.11.08-00.13.39:474][  0]LogWindows:    4. 'AMD Radeon R7 200 Series' (P:0 D:0)
[2017.11.08-00.13.39:475][  0]LogWindows:    5. 'AMD Radeon R7 200 Series' (P:0 D:0)
[2017.11.08-00.13.39:475][  0]LogWindows: DebugString: FoundDriverCount:6 
[2017.11.08-00.13.39:475][  0]LogD3D11RHI:     Adapter Name: AMD Radeon R7 200 Series
[2017.11.08-00.13.39:475][  0]LogD3D11RHI:   Driver Version: Crimson ReLive 17.9.2 (internal:22.19.677.1, unified:22.19.677.1)
[2017.11.08-00.13.39:475][  0]LogD3D11RHI:      Driver Date: 9-18-2017
[2017.11.08-00.13.39:475][  0]LogRHI: Texture pool is 1417 MB (70% of 2024 MB)
[2017.11.08-00.13.39:502][  0]LogD3D11RHI: Async texture creation enabled
[2017.11.08-00.13.39:514][  0]LogD3D11RHI: GPU Timing Frequency: 27.000000 (Debug: 2 1)
[2017.11.08-00.13.39:515][  0]LogShaderCompilers: Guid format shader working directory is -9 characters bigger than the processId version (../../../../../_PROGRAMAÇÃO/__ProjetosUE/CaveManVsAliens/Intermediate/Shaders/WorkingDirectory/8224/).
[2017.11.08-00.13.39:515][  0]LogShaderCompilers: Cleaned the shader compiler working directory 'C:/Users/Arthur/AppData/Local/Temp/UnrealShaderWorkingDir/F5D0126942CDBF99FD4D6C9877D68DCC/'.
[2017.11.08-00.13.39:515][  0]LogShaderCompilers: Display: Using Local Shader Compiler.
[2017.11.08-00.13.40:752][  0]LogTemp: Display: Loaded TP AllDesktopTargetPlatform
[2017.11.08-00.13.40:817][  0]LogTemp: Display: Loaded TP MacClientTargetPlatform
[2017.11.08-00.13.40:879][  0]LogTemp: Display: Loaded TP MacNoEditorTargetPlatform
[2017.11.08-00.13.40:942][  0]LogTemp: Display: Loaded TP MacServerTargetPlatform
[2017.11.08-00.13.41:006][  0]LogTemp: Display: Loaded TP MacTargetPlatform
[2017.11.08-00.13.41:071][  0]LogTemp: Display: Loaded TP WindowsClientTargetPlatform
[2017.11.08-00.13.41:135][  0]LogTemp: Display: Loaded TP WindowsNoEditorTargetPlatform
[2017.11.08-00.13.41:198][  0]LogTemp: Display: Loaded TP WindowsServerTargetPlatform
[2017.11.08-00.13.41:252][  0]LogTemp: Display: Loaded TP WindowsTargetPlatform
[2017.11.08-00.13.41:316][  0]LogTemp: Display: Loaded TP Android_ASTCTargetPlatform
[2017.11.08-00.13.41:378][  0]LogTemp: Display: Loaded TP Android_ATCTargetPlatform
[2017.11.08-00.13.41:439][  0]LogTemp: Display: Loaded TP Android_DXTTargetPlatform
[2017.11.08-00.13.41:502][  0]LogTemp: Display: Loaded TP Android_ETC1TargetPlatform
[2017.11.08-00.13.41:564][  0]LogTemp: Display: Loaded TP Android_ETC2TargetPlatform
[2017.11.08-00.13.41:689][  0]LogTemp: Display: Loaded TP Android_MultiTargetPlatform
[2017.11.08-00.13.41:689][  0]LogTemp: Display: Loaded TP Android_PVRTCTargetPlatform
[2017.11.08-00.13.41:751][  0]LogTemp: Display: Loaded TP AndroidTargetPlatform
[2017.11.08-00.13.41:797][  0]LogTemp: Display: Loaded TP HTML5TargetPlatform
[2017.11.08-00.13.41:903][  0]LogTemp: Display: Loaded TP IOSTargetPlatform
[2017.11.08-00.13.41:939][  0]LogTemp: Display: Loaded TP TVOSTargetPlatform
[2017.11.08-00.13.42:002][  0]LogTemp: Display: Loaded TP LinuxClientTargetPlatform
[2017.11.08-00.13.42:064][  0]LogTemp: Display: Loaded TP LinuxNoEditorTargetPlatform
[2017.11.08-00.13.42:127][  0]LogTemp: Display: Loaded TP LinuxServerTargetPlatform
[2017.11.08-00.13.42:191][  0]LogTemp: Display: Loaded TP LinuxTargetPlatform
[2017.11.08-00.13.42:191][  0]LogTargetPlatformManager: Display: Building Assets For Windows
[2017.11.08-00.13.42:747][  0]LogDerivedDataCache: Display: Max Cache Size: 512 MB
[2017.11.08-00.13.42:907][  0]LogDerivedDataCache: Loaded boot cache 0.16s 78MB C:/Users/Arthur/AppData/Local/UnrealEngine/4.18/DerivedDataCache/Boot.ddc.
[2017.11.08-00.13.42:907][  0]LogDerivedDataCache: Display: Loaded Boot cache: C:/Users/Arthur/AppData/Local/UnrealEngine/4.18/DerivedDataCache/Boot.ddc
[2017.11.08-00.13.42:907][  0]LogDerivedDataCache: FDerivedDataBackendGraph:  Pak pak cache file ../../../../../_PROGRAMAÇÃO/__ProjetosUE/CaveManVsAliens/DerivedDataCache/DDC.ddp not found, will not use a pak cache.
[2017.11.08-00.13.42:907][  0]LogDerivedDataCache: Unable to find inner node Pak for hierarchical cache Hierarchy.
[2017.11.08-00.13.42:908][  0]LogDerivedDataCache: FDerivedDataBackendGraph:  CompressedPak pak cache file ../../../../../_PROGRAMAÇÃO/__ProjetosUE/CaveManVsAliens/DerivedDataCache/Compressed.ddp not found, will not use a pak cache.
[2017.11.08-00.13.42:908][  0]LogDerivedDataCache: Unable to find inner node CompressedPak for hierarchical cache Hierarchy.
[2017.11.08-00.13.42:930][  0]LogDerivedDataCache: Display: Pak cache opened for reading ../../../Engine/DerivedDataCache/Compressed.ddp.
[2017.11.08-00.13.42:946][  0]LogDerivedDataCache: Using Local data cache path C:/Users/Arthur/AppData/Local/UnrealEngine/Common/DerivedDataCache: Writable
[2017.11.08-00.13.42:963][  0]LogMaterial: Verifying Global Shaders for PCD3D_SM5
[2017.11.08-00.13.42:964][  0]LogSlate: Using Freetype 2.6.0
[2017.11.08-00.13.42:964][  0]LogSlate: SlateFontCache - WITH_FREETYPE: 1, WITH_HARFBUZZ: 1
[2017.11.08-00.13.42:964][  0]LogSlate: SlateFontCache - WITH_FREETYPE: 1, WITH_HARFBUZZ: 1
[2017.11.08-00.13.43:473][  0]LogInit: Selected Device Profile: [Windows]
[2017.11.08-00.13.43:873][  0]LogSimplygon: Simplygon DLL not present - disabling.
[2017.11.08-00.13.43:921][  0]LogMeshReduction: Using SimplygonSwarm for distributed automatic mesh merging
[2017.11.08-00.13.43:921][  0]LogMeshReduction: Using QuadricMeshReduction for automatic static mesh reduction
[2017.11.08-00.13.43:921][  0]LogMeshReduction: No automatic skeletal mesh reduction module available
[2017.11.08-00.13.43:921][  0]LogMeshReduction: No automatic mesh merging module available
[2017.11.08-00.13.43:921][  0]LogMeshMerging: No automatic mesh merging module available
[2017.11.08-00.13.43:953][  0]LogNetVersion: CaveManVsAliens , NetCL: 3709383, EngineNetVer: 2, GameNetVer: 0 (Checksum: 2311697827)
[2017.11.08-00.13.44:143][  0]LogAssetRegistry: FAssetRegistry took 0.0276 seconds to start up
[2017.11.08-00.13.44:762][  0]LogPackageLocalizationCache: Processed 7 localized package path(s) for 1 prioritized culture(s) in 0.044090 seconds
[2017.11.08-00.13.44:768][  0]LogUObjectArray: 35900 objects as part of root set at end of initial load.
[2017.11.08-00.13.44:768][  0]LogUObjectAllocator: 7372016 out of 0 bytes used by permanent object pool.
[2017.11.08-00.13.44:768][  0]LogUObjectArray: CloseDisregardForGC: 0/0 objects in disregard for GC pool
[2017.11.08-00.13.44:832][  0]LogInit: WinSock: version 1.1 (2.2), MaxSocks=32767, MaxUdp=65467
[2017.11.08-00.13.48:081][  0]LogTcpMessaging: Initializing TcpMessaging bridge
[2017.11.08-00.13.48:131][  0]LogUdpMessaging: Initializing bridge on interface 0.0.0.0:0 to multicast group 230.0.0.1:6666.
[2017.11.08-00.13.48:923][  0]LogMaterial: Uniform references updated for custom material expression Custom.
[2017.11.08-00.13.49:427][  0]SourceControl: Source control is disabled
[2017.11.08-00.13.51:042][  0]LogAndroidPermission: UAndroidPermissionCallbackProxy::GetInstance
[2017.11.08-00.13.51:368][  0]LogOcInput: OculusInput pre-init called
[2017.11.08-00.13.51:712][  0]LogEngine: Initializing Engine...
[2017.11.08-00.13.51:714][  0]LogHMD: Failed to initialize OpenVR with code 110
[2017.11.08-00.13.52:015][  0]LogStats: UGameplayTagsManager::ConstructGameplayTagTree: Construct from data asset -  0.000 s
[2017.11.08-00.13.52:015][  0]LogStats: UGameplayTagsManager::ConstructGameplayTagTree: GameplayTagTreeChangedEvent.Broadcast -  0.000 s
[2017.11.08-00.13.52:168][  0]LogAIModule: Creating AISystem for world Untitled
[2017.11.08-00.13.52:183][  0]LogInit: XAudio2 using 'Alto-falantes (2- Dispositivo de High Definition Audio)' : 2 channels at 48 kHz using 16 bits per sample (channel mask 0x3)
[2017.11.08-00.13.52:214][  0]LogInit: FAudioDevice initialized.
[2017.11.08-00.13.53:123][  0]LogDerivedDataCache: Saved boot cache 0.91s 78MB C:/Users/Arthur/AppData/Local/UnrealEngine/4.18/DerivedDataCache/Boot.ddc.
[2017.11.08-00.13.53:150][  0]LogInit: Texture streaming: Enabled
[2017.11.08-00.13.53:274][  0]LogEngineSessionManager: EngineSessionManager initialized
[2017.11.08-00.13.53:426][  0]LogInit: Transaction tracking system initialized
[2017.11.08-00.13.53:795][  0]BlueprintLog: New page: Editor Load
[2017.11.08-00.13.54:844][  0]LocalizationService: Localization service is disabled
[2017.11.08-00.13.55:721][  0]LogConsoleResponse: Display: 
[2017.11.08-00.13.55:926][  0]LogCook: Display: Max memory allowance for cook 16384mb min free memory 0mb
[2017.11.08-00.13.55:927][  0]LogCook: Display: Mobile HDR setting 1
[2017.11.08-00.13.55:927][  0]LogGameplayTags: Display: UGameplayTagsManager::DoneAddingNativeTags. DelegateIsBound: 0
[2017.11.08-00.13.56:824][  0]LogFileCache: Scanning file cache for directory 'E:/_PROGRAMAÇÃO/__ProjetosUE/CaveManVsAliens/Content/' took 0.01s
[2017.11.08-00.13.57:390][  0]Cmd: MAP LOAD FILE="../../../../../_PROGRAMAÇÃO/__ProjetosUE/CaveManVsAliens/Content/Maps/Empty.umap" TEMPLATE=0 SHOWPROGRESS=1 FEATURELEVEL=3
[2017.11.08-00.13.57:390][  0]LightingResults: New page: Lighting Build
[2017.11.08-00.13.57:439][  0]MapCheck: New page: Map Check
[2017.11.08-00.13.57:439][  0]LightingResults: New page: Lighting Build
[2017.11.08-00.13.57:834][  0]LogAIModule: Creating AISystem for world Empty
[2017.11.08-00.13.57:840][  0]LogEditorServer: Finished looking for orphan Actors (0.000 secs)
[2017.11.08-00.13.57:866][  0]Cmd: MAP CHECKDEP NOCLEARLOG
[2017.11.08-00.13.57:927][  0]MapCheck: Map check complete: 0 Error(s), 0 Warning(s), took 60.94ms to complete.
[2017.11.08-00.13.57:927][  0]LogFileHelpers: Loading map 'Empty' took 0.538
[2017.11.08-00.13.58:160][  0]LogCollectionManager: Loaded 0 collections in 0.001684 seconds
[2017.11.08-00.13.58:259][  0]LogFileCache: Scanning file cache for directory 'E:/_PROGRAMAÇÃO/__ProjetosUE/CaveManVsAliens/Saved/Collections/' took 0.01s
[2017.11.08-00.13.58:259][  0]LogFileCache: Scanning file cache for directory 'E:/_PROGRAMAÇÃO/__ProjetosUE/CaveManVsAliens/Content/Developers/Arthur/Collections/' took 0.01s
[2017.11.08-00.13.58:259][  0]LogFileCache: Scanning file cache for directory 'E:/_PROGRAMAÇÃO/__ProjetosUE/CaveManVsAliens/Content/Collections/' took 0.01s
[2017.11.08-00.13.58:259][  0]LogCollectionManager: Rebuilt the GUID cache for 0 collections in 0.000000 seconds
[2017.11.08-00.13.58:274][  0]LogContentBrowser: Native class hierarchy populated in 0.0148 seconds. Added 2363 classes and 519 folders.
[2017.11.08-00.13.58:369][  0]LogContentBrowser: Native class hierarchy updated for 'WidgetCarousel' in 0.0003 seconds. Added 0 classes and 0 folders.
[2017.11.08-00.13.59:358][  0]LogContentBrowser: Native class hierarchy updated for 'AddContentDialog' in 0.0003 seconds. Added 0 classes and 0 folders.
[2017.11.08-00.13.59:446][  0]LogContentBrowser: Native class hierarchy updated for 'SceneOutliner' in 0.0003 seconds. Added 1 classes and 2 folders.
[2017.11.08-00.13.59:562][  0]LogSlate: Took 0.000318 seconds to synchronously load lazily loaded font '../../../Engine/Content/Slate/Fonts/Roboto-Regular.ttf' (155K)
[2017.11.08-00.13.59:565][  0]LogSlate: Took 0.000253 seconds to synchronously load lazily loaded font '../../../Engine/Content/Slate/Fonts/Roboto-Bold.ttf' (160K)
[2017.11.08-00.13.59:584][  0]LogSlate: Took 0.013444 seconds to synchronously load lazily loaded font '../../../Engine/Content/Editor/Slate/Fonts/FontAwesome.ttf' (139K)
[2017.11.08-00.14.00:421][  0]LogRenderer: Reallocating scene render targets to support 1256x588 Format 10 NumSamples 1 (Frame:1).
[2017.11.08-00.14.00:635][  0]LogContentBrowser: Native class hierarchy updated for 'HierarchicalLODOutliner' in 0.0003 seconds. Added 1 classes and 2 folders.
[2017.11.08-00.14.00:635][  0]LogLoad: (Engine Initialization) Total time: 24.95 seconds
[2017.11.08-00.14.00:635][  0]LogLoad: (Engine Initialization) Total Blueprint compile time: 0.00 seconds
[2017.11.08-00.14.00:635][  0]LogExternalProfiler: No external profilers were discovered.  External profiling features will not be available.
[2017.11.08-00.14.00:995][  0]SourceControl: On branch master
[2017.11.08-00.14.00:995][  0]SourceControl: Your branch is up-to-date with 'origin/master'.
[2017.11.08-00.14.00:995][  0]SourceControl: Changes to be committed:
[2017.11.08-00.14.00:995][  0]SourceControl:   (use "git reset HEAD <file>..." to unstage)
[2017.11.08-00.14.00:995][  0]SourceControl: 	new file:   Content/Content_CaveMan/Blueprints/Animation/CaveMan/CM-JumpStart.uasset
[2017.11.08-00.14.00:995][  0]SourceControl: 	new file:   Content/Content_CaveMan/Blueprints/Animation/CaveMan/CM-Mutant_Run.uasset
[2017.11.08-00.14.00:995][  0]SourceControl: 	new file:   Content/Content_CaveMan/Blueprints/Animation/CaveMan/CM-Standard_Run.uasset
[2017.11.08-00.14.00:995][  0]SourceControl: 	new file:   Content/Content_CaveMan/Blueprints/Animation/CaveMan/CM-Walking.uasset
[2017.11.08-00.14.00:995][  0]SourceControl: 	new file:   Content/Content_CaveMan/Blueprints/Animation/CaveMan/Idle.uasset
[2017.11.08-00.14.00:995][  0]SourceControl: 	new file:   Content/Content_CaveMan/StartGameMode.uasset
[2017.11.08-00.14.00:995][  0]SourceControl: Changes not staged for commit:
[2017.11.08-00.14.00:995][  0]SourceControl:   (use "git add/rm <file>..." to update what will be committed)
[2017.11.08-00.14.00:995][  0]SourceControl:   (use "git checkout -- <file>..." to discard changes in working directory)
[2017.11.08-00.14.00:995][  0]SourceControl: 	modified:   Config/DefaultEditor.ini
[2017.11.08-00.14.00:995][  0]SourceControl: 	modified:   Config/DefaultEngine.ini
[2017.11.08-00.14.00:995][  0]SourceControl: 	modified:   Content/Content_CaveMan/Blueprints/BP-Caveman.uasset
[2017.11.08-00.14.00:996][  0]SourceControl: 	modified:   Content/Maps/Empty.umap
[2017.11.08-00.14.00:996][  0]SourceControl: 	modified:   Content/Maps/Empty_BuiltData.uasset
[2017.11.08-00.14.00:996][  0]SourceControl: 	modified:   Intermediate/CachedAssetRegistry.bin
[2017.11.08-00.14.00:996][  0]SourceControl: 	modified:   Intermediate/Config/CoalescedSourceConfigs/Input.ini
[2017.11.08-00.14.00:996][  0]SourceControl: 	modified:   Saved/AutoScreenshot.png
[2017.11.08-00.14.00:996][  0]SourceControl: 	modified:   Saved/Autosaves/PackageRestoreData.json
[2017.11.08-00.14.00:996][  0]SourceControl: 	deleted:    Saved/Config/CrashReportClient/UE4CC-Windows-4DB9EADA4A6B13A1EEB740A55E20820C/CrashReportClient.ini
[2017.11.08-00.14.00:996][  0]SourceControl: 	deleted:    Saved/Config/CrashReportClient/UE4CC-Windows-5E09A9AD49A50654A87902AD5CCE1C9E/CrashReportClient.ini
[2017.11.08-00.14.00:996][  0]SourceControl: 	modified:   Saved/Config/Windows/Editor.ini
[2017.11.08-00.14.00:996][  0]SourceControl: 	modified:   Saved/Config/Windows/EditorPerProjectUserSettings.ini
[2017.11.08-00.14.00:996][  0]SourceControl: 	modified:   Saved/Config/Windows/Engine.ini
[2017.11.08-00.14.00:996][  0]SourceControl: 	modified:   Saved/Config/Windows/SourceControlSettings.ini
[2017.11.08-00.14.00:996][  0]SourceControl: 	deleted:    Saved/Logs/CaveManVsAliens-backup-2017.10.30-16.59.50.log
[2017.11.08-00.14.00:996][  0]SourceControl: 	modified:   Saved/Logs/CaveManVsAliens.log
[2017.11.08-00.14.00:996][  0]SourceControl: Untracked files:
[2017.11.08-00.14.00:996][  0]SourceControl:   (use "git add <file>..." to include in what will be committed)
[2017.11.08-00.14.00:996][  0]SourceControl: 	Content/Content_CaveMan/Blueprints/Animation/CaveMan/CM-Physics.uasset
[2017.11.08-00.14.00:996][  0]SourceControl: 	Content/Content_CaveMan/Blueprints/Animation/CaveMan/CM-SkMesh.uasset
[2017.11.08-00.14.00:996][  0]SourceControl: 	Content/Content_CaveMan/Blueprints/Animation/CaveMan/CM-Skeleton.uasset
[2017.11.08-00.14.00:996][  0]SourceControl: 	Content/Content_CaveMan/Blueprints/Physics/
[2017.11.08-00.14.00:996][  0]SourceControl: 	Content/Content_CaveMan/Blueprints/Skeleton-SKMesh/
[2017.11.08-00.14.00:996][  0]SourceControl: 	Intermediate/AssetRegistryCache/311563bb.bin
[2017.11.08-00.14.00:996][  0]SourceControl: 	Intermediate/AssetRegistryCache/c90e3f55.bin
[2017.11.08-00.14.00:996][  0]SourceControl: 	Saved/Autosaves/Game/Content_CaveMan/Blueprints/Animation/CaveMan/CM-JumpStart_Auto2.uasset
[2017.11.08-00.14.00:996][  0]SourceControl: 	Saved/Autosaves/Game/Content_CaveMan/Blueprints/BP-Caveman_Auto1.uasset
[2017.11.08-00.14.00:996][  0]SourceControl: 	Saved/Backup/BP-Caveman_2017-11-07-16-29-16.uasset
[2017.11.08-00.14.00:996][  0]SourceControl: 	Saved/Backup/BP-Caveman_2017-11-07-17-44-48.uasset
[2017.11.08-00.14.00:996][  0]SourceControl: 	Saved/Backup/CM-SkMesh_2017-11-07-19-20-01.uasset
[2017.11.08-00.14.00:996][  0]SourceControl: 	Saved/Backup/Empty_2017-11-07-22-11-24.umap
[2017.11.08-00.14.00:996][  0]SourceControl: 	Saved/Backup/Empty_BuiltData_2017-11-07-22-12-00.uasset
[2017.11.08-00.14.00:997][  0]LogContentStreaming: Texture pool size now 1000 MB
[2017.11.08-00.14.01:086][  0]LogSlate: Took 0.007600 seconds to synchronously load lazily loaded font '../../../Engine/Content/Slate/Fonts/Roboto-Light.ttf' (159K)
[2017.11.08-00.14.01:329][  1]LogAssetRegistry: Asset discovery search completed in 17.2082 seconds
[2017.11.08-00.14.01:332][  1]LogCollectionManager: Rebuilt the object cache for 0 collections in 0.000001 seconds (found 0 objects)
[2017.11.08-00.14.01:332][  1]LogCollectionManager: Fixed up redirectors for 0 collections in 0.000053 seconds (updated 0 objects)
[2017.11.08-00.14.41:717][231]LogSlate: Took 0.000259 seconds to synchronously load lazily loaded font '../../../Engine/Content/Slate/Fonts/Roboto-Light.ttf' (159K)
[2017.11.08-00.14.41:864][231]LogContentBrowser: Native class hierarchy updated for 'SkeletonEditor' in 0.0003 seconds. Added 1 classes and 2 folders.
[2017.11.08-00.14.42:350][231]LogSlate: Took 0.000221 seconds to synchronously load lazily loaded font '../../../Engine/Content/Slate/Fonts/Roboto-Regular.ttf' (155K)
[2017.11.08-00.14.42:358][231]LogActorComponent: RegisterComponentWithWorld: (/Engine/Transient.World_5:PersistentLevel.Actor_0.DebugSkelMeshComponent_0) Already registered. Aborting.
[2017.11.08-00.14.42:409][231]LogSkeletalMesh: USkeletalMeshComponent::InitArticulated : Bodies already created (/Engine/Transient.World_5:PersistentLevel.Actor_0.DebugSkelMeshComponent_0) - call TermArticulated first.
[2017.11.08-00.14.42:849][231]LogContentBrowser: Native class hierarchy updated for 'ClothingSystemEditorInterface' in 0.0003 seconds. Added 1 classes and 0 folders.
[2017.11.08-00.14.42:857][231]LogContentBrowser: Verbose: The majority of assets in the view are of type: AnimSequence
[2017.11.08-00.14.58:890][ 57]SourceControl: rm 'Content/Content_CaveMan/Blueprints/Animation/CaveMan/Walk.uasset'
[2017.11.08-00.15.20:698][319]LogTemp: Repeating last play command: Selected Viewport
[2017.11.08-00.15.20:792][319]LogPlayLevel: PlayLevel: No blueprints needed recompiling
[2017.11.08-00.15.20:793][319]PIE: New page: PIE session: Empty (Nov 7, 2017, 8:15:20 PM)
[2017.11.08-00.15.20:793][319]LogPlayLevel: Creating play world package: /Game/Maps/UEDPIE_0_Empty
[2017.11.08-00.15.20:801][319]LogPlayLevel: PIE: StaticDuplicateObject took: (0.007893s)
[2017.11.08-00.15.20:802][319]LogAIModule: Creating AISystem for world Empty
[2017.11.08-00.15.20:802][319]LogPlayLevel: PIE: World Init took: (0.000906s)
[2017.11.08-00.15.20:802][319]LogPlayLevel: PIE: Created PIE world by copying editor world from /Game/Maps/Empty.Empty to /Game/Maps/UEDPIE_0_Empty.Empty (0.009098s)
[2017.11.08-00.15.20:833][319]LogInit: XAudio2 using 'Alto-falantes (2- Dispositivo de High Definition Audio)' : 2 channels at 48 kHz using 16 bits per sample (channel mask 0x3)
[2017.11.08-00.15.20:845][319]LogInit: FAudioDevice initialized.
[2017.11.08-00.15.20:887][319]LogLoad: Game class is 'StartGameMode_C'
[2017.11.08-00.15.20:888][319]LogWorld: Bringing World /Game/Maps/UEDPIE_0_Empty.Empty up for play (max tick rate 0) at 2017.11.07-22.15.20
[2017.11.08-00.15.20:888][319]LogWorld: Bringing up level for play took: 0.000715
[2017.11.08-00.15.20:940][319]LogContentBrowser: Native class hierarchy updated for 'MovieSceneCapture' in 0.0003 seconds. Added 11 classes and 0 folders.
[2017.11.08-00.15.20:941][319]PIE: Play in editor start time for /Game/Maps/UEDPIE_0_Empty -0.564
[2017.11.08-00.15.48:191][789]SourceControl: fatal: E:/Epic Games/UE_4.18/Engine/Content/: 'E:/Epic Games/UE_4.18/Engine/Content/' is outside repository
[2017.11.08-00.15.54:327][789]LogSourceControl: FGitCheckInWorker: commit successful
[2017.11.08-00.15.54:639][789]SourceControl: [master da4886b] CavemanMovimentos
[2017.11.08-00.15.54:639][789]SourceControl:  10 files changed, 0 insertions(+), 0 deletions(-)
[2017.11.08-00.15.54:639][789]SourceControl:  create mode 100644 Content/Content_CaveMan/Blueprints/Animation/CaveMan/CM-JumpStart.uasset
[2017.11.08-00.15.54:639][789]SourceControl:  create mode 100644 Content/Content_CaveMan/Blueprints/Animation/CaveMan/CM-Mutant_Run.uasset
[2017.11.08-00.15.54:639][789]SourceControl:  create mode 100644 Content/Content_CaveMan/Blueprints/Animation/CaveMan/CM-Standard_Run.uasset
[2017.11.08-00.15.54:639][789]SourceControl:  create mode 100644 Content/Content_CaveMan/Blueprints/Animation/CaveMan/CM-Walking.uasset
[2017.11.08-00.15.54:639][789]SourceControl:  create mode 100644 Content/Content_CaveMan/Blueprints/Animation/CaveMan/Idle.uasset
[2017.11.08-00.15.54:639][789]SourceControl:  delete mode 100644 Content/Content_CaveMan/Blueprints/Animation/CaveMan/Walk.uasset
[2017.11.08-00.15.54:639][789]SourceControl:  rewrite Content/Content_CaveMan/Blueprints/BP-Caveman.uasset (85%)
[2017.11.08-00.15.54:639][789]SourceControl:  create mode 100644 Content/Content_CaveMan/Blueprints/Physics/CM-Physics.uasset
[2017.11.08-00.15.54:639][789]SourceControl:  create mode 100644 Content/Content_CaveMan/Blueprints/Skeleton-SKMesh/CM-SkMesh.uasset
[2017.11.08-00.15.54:639][789]SourceControl:  create mode 100644 Content/Content_CaveMan/Blueprints/Skeleton-SKMesh/CM-Skeleton.uasset
[2017.11.08-00.15.54:646][789]SourceControl: Commited [master da4886b] CavemanMovimentos.
[2017.11.08-00.18.45:797][170]SourceControl: fatal: E:/Epic Games/UE_4.18/Engine/Content/: 'E:/Epic Games/UE_4.18/Engine/Content/' is outside repository
[2017.11.08-00.18.51:320][170]LogSourceControl: FGitCheckInWorker: commit successful
[2017.11.08-00.18.51:398][170]SourceControl: [master ff4d7db] CavemanMovimentos
[2017.11.08-00.18.51:398][170]SourceControl:  1 file changed, 0 insertions(+), 0 deletions(-)
[2017.11.08-00.18.51:398][170]SourceControl:  create mode 100644 Content/Content_CaveMan/StartGameMode.uasset
[2017.11.08-00.18.51:405][170]SourceControl: Commited [master ff4d7db] CavemanMovimentos.
[2017.11.08-00.20.00:718][974]SourceControl: fatal: E:/Epic Games/UE_4.18/Engine/Content/: 'E:/Epic Games/UE_4.18/Engine/Content/' is outside repository
[2017.11.08-00.20.00:835][974]EditorErrors: Warning: No assets to check in!
[2017.11.08-00.21.15:065][564]Cmd: QUIT_EDITOR
[2017.11.08-00.21.16:075][564]LogWindowsTextInputMethodSystem: Display: IME system now deactivated.
[2017.11.08-00.21.16:089][564]LogExit: Preparing to exit.
[2017.11.08-00.21.16:328][564]LogDirectoryWatcher: A directory notification for 'E:/_PROGRAMAÇÃO/__ProjetosUE/CaveManVsAliens/Content/' was aborted.
[2017.11.08-00.21.16:348][564]LogExit: Editor shut down
[2017.11.08-00.21.16:355][564]LogExit: Transaction tracking system shut down
[2017.11.08-00.21.16:471][564]LogDirectoryWatcher: A directory notification for '../../../Engine/Content/' was aborted.
[2017.11.08-00.21.16:471][564]LogDirectoryWatcher: A directory notification for '../../../../../_PROGRAMAÇÃO/__ProjetosUE/CaveManVsAliens/Content/' was aborted.
[2017.11.08-00.21.16:471][564]LogDirectoryWatcher: A directory notification for '../../../Engine/Plugins/2D/Paper2D/Content/' was aborted.
[2017.11.08-00.21.16:471][564]LogDirectoryWatcher: A directory notification for '../../../Engine/Plugins/Media/MediaCompositing/Content/' was aborted.
[2017.11.08-00.21.16:471][564]LogDirectoryWatcher: A directory notification for '../../../Engine/Plugins/Runtime/AppleARKit/Content/' was aborted.
[2017.11.08-00.21.16:471][564]LogDirectoryWatcher: A directory notification for '../../../Engine/Plugins/Runtime/Oculus/OculusVR/Content/' was aborted.
[2017.11.08-00.21.16:471][564]LogDirectoryWatcher: A directory notification for '../../../Engine/Plugins/Runtime/Steam/SteamVR/Content/' was aborted.
[2017.11.08-00.21.16:532][564]LogExit: Object subsystem successfully closed.
[2017.11.08-00.21.16:558][564]LogD3D11RHI: Shutdown
[2017.11.08-00.21.16:558][564]LogD3D11RHI: CleanupD3DDevice
[2017.11.08-00.21.16:562][564]LogD3D11RHI: ~FD3D11DynamicRHI
[2017.11.08-00.21.16:576][564]LogModuleManager: Shutting down and abandoning module MovieSceneCapture (556)
[2017.11.08-00.21.16:576][564]LogModuleManager: Shutting down and abandoning module ClothingSystemEditorInterface (554)
[2017.11.08-00.21.16:576][564]LogModuleManager: Shutting down and abandoning module SkeletonEditor (552)
[2017.11.08-00.21.16:576][564]LogModuleManager: Shutting down and abandoning module AnimationEditor (550)
[2017.11.08-00.21.16:576][564]LogModuleManager: Shutting down and abandoning module HierarchicalLODOutliner (548)
[2017.11.08-00.21.16:576][564]LogModuleManager: Shutting down and abandoning module SceneOutliner (546)
[2017.11.08-00.21.16:576][564]LogModuleManager: Shutting down and abandoning module AddContentDialog (544)
[2017.11.08-00.21.16:576][564]LogDirectoryWatcher: A directory notification for 'E:/Epic Games/UE_4.18/FeaturePacks/' was aborted.
[2017.11.08-00.21.16:577][564]LogModuleManager: Shutting down and abandoning module WidgetCarousel (543)
[2017.11.08-00.21.16:578][564]LogModuleManager: Shutting down and abandoning module EditorWidgets (540)
[2017.11.08-00.21.16:578][564]LogModuleManager: Shutting down and abandoning module CollectionManager (538)
[2017.11.08-00.21.16:578][564]LogDirectoryWatcher: A directory notification for 'E:/_PROGRAMAÇÃO/__ProjetosUE/CaveManVsAliens/Content/Collections/' was aborted.
[2017.11.08-00.21.16:578][564]LogDirectoryWatcher: A directory notification for 'E:/_PROGRAMAÇÃO/__ProjetosUE/CaveManVsAliens/Content/Developers/Arthur/Collections/' was aborted.
[2017.11.08-00.21.16:578][564]LogDirectoryWatcher: A directory notification for 'E:/_PROGRAMAÇÃO/__ProjetosUE/CaveManVsAliens/Saved/Collections/' was aborted.
[2017.11.08-00.21.16:578][564]LogModuleManager: Shutting down and abandoning module StatsViewer (536)
[2017.11.08-00.21.16:578][564]LogModuleManager: Shutting down and abandoning module FoliageEdit (534)
[2017.11.08-00.21.16:578][564]LogModuleManager: Shutting down and abandoning module LandscapeEditor (532)
[2017.11.08-00.21.16:578][564]LogModuleManager: Shutting down and abandoning module MeshPaintMode (530)
[2017.11.08-00.21.16:578][564]LogModuleManager: Shutting down and abandoning module SceneDepthPickerMode (528)
[2017.11.08-00.21.16:578][564]LogModuleManager: Shutting down and abandoning module ActorPickerMode (526)
[2017.11.08-00.21.16:578][564]LogModuleManager: Shutting down and abandoning module GeometryMode (524)
[2017.11.08-00.21.16:578][564]LogModuleManager: Shutting down and abandoning module TextureAlignMode (522)
[2017.11.08-00.21.16:578][564]LogModuleManager: Shutting down and abandoning module BspMode (520)
[2017.11.08-00.21.16:578][564]LogModuleManager: Shutting down and abandoning module PIEPreviewDeviceProfileSelector (518)
[2017.11.08-00.21.16:578][564]LogModuleManager: Shutting down and abandoning module HardwareSurvey (516)
[2017.11.08-00.21.16:578][564]LogModuleManager: Shutting down and abandoning module SequenceRecorderSections (514)
[2017.11.08-00.21.16:578][564]LogModuleManager: Shutting down and abandoning module AutomationWorker (512)
[2017.11.08-00.21.16:578][564]LogModuleManager: Shutting down and abandoning module MatineeToLevelSequence (510)
[2017.11.08-00.21.16:578][564]LogModuleManager: Shutting down and abandoning module LevelSequenceEditor (508)
[2017.11.08-00.21.16:578][564]LogModuleManager: Shutting down and abandoning module PlacementMode (507)
[2017.11.08-00.21.16:578][564]LogModuleManager: Shutting down and abandoning module WmfMediaFactory (504)
[2017.11.08-00.21.16:579][564]LogModuleManager: Shutting down and abandoning module WmfMediaEditor (502)
[2017.11.08-00.21.16:579][564]LogModuleManager: Shutting down and abandoning module OpenExrWrapper (500)
[2017.11.08-00.21.16:579][564]LogModuleManager: Shutting down and abandoning module ImgMediaFactory (498)
[2017.11.08-00.21.16:579][564]LogModuleManager: Shutting down and abandoning module ImgMediaEditor (496)
[2017.11.08-00.21.16:579][564]LogModuleManager: Shutting down and abandoning module AvfMediaFactory (494)
[2017.11.08-00.21.16:579][564]LogModuleManager: Shutting down and abandoning module AvfMediaEditor (492)
[2017.11.08-00.21.16:579][564]LogModuleManager: Shutting down and abandoning module AndroidMediaFactory (490)
[2017.11.08-00.21.16:579][564]LogModuleManager: Shutting down and abandoning module AndroidMediaEditor (488)
[2017.11.08-00.21.16:579][564]LogModuleManager: Shutting down and abandoning module CharacterAI (486)
[2017.11.08-00.21.16:579][564]LogModuleManager: Shutting down and abandoning module AudioCapture (484)
[2017.11.08-00.21.16:579][564]LogModuleManager: Shutting down and abandoning module SequenceRecorder (483)
[2017.11.08-00.21.16:579][564]LogModuleManager: Shutting down and abandoning module SmartSnapping (480)
[2017.11.08-00.21.16:579][564]LogModuleManager: Shutting down and abandoning module SessionServices (478)
[2017.11.08-00.21.16:579][564]LogModuleManager: Shutting down and abandoning module ViewportSnapping (476)
[2017.11.08-00.21.16:579][564]LogModuleManager: Shutting down and abandoning module ViewportInteraction (474)
[2017.11.08-00.21.16:579][564]LogModuleManager: Shutting down and abandoning module ClothPainter (472)
[2017.11.08-00.21.16:579][564]LogModuleManager: Shutting down and abandoning module SkeletalMeshEditor (471)
[2017.11.08-00.21.16:579][564]LogModuleManager: Shutting down and abandoning module LogVisualizer (468)
[2017.11.08-00.21.16:579][564]LogModuleManager: Shutting down and abandoning module IntroTutorials (466)
[2017.11.08-00.21.16:579][564]LogModuleManager: Shutting down and abandoning module GameProjectGeneration (465)
[2017.11.08-00.21.16:579][564]LogModuleManager: Shutting down and abandoning module IOSPlatformEditor (462)
[2017.11.08-00.21.16:579][564]LogModuleManager: Shutting down and abandoning module HTML5PlatformEditor (460)
[2017.11.08-00.21.16:579][564]LogModuleManager: Shutting down and abandoning module AndroidPlatformEditor (458)
[2017.11.08-00.21.16:579][564]LogModuleManager: Shutting down and abandoning module AndroidDeviceDetection (457)
[2017.11.08-00.21.17:475][564]LogModuleManager: Shutting down and abandoning module WindowsPlatformEditor (454)
[2017.11.08-00.21.17:475][564]LogModuleManager: Shutting down and abandoning module IOSRuntimeSettings (452)
[2017.11.08-00.21.17:475][564]LogModuleManager: Shutting down and abandoning module AndroidRuntimeSettings (450)
[2017.11.08-00.21.17:475][564]LogModuleManager: Shutting down and abandoning module InputBindingEditor (448)
[2017.11.08-00.21.17:475][564]LogModuleManager: Shutting down and abandoning module MergeActors (446)
[2017.11.08-00.21.17:475][564]LogModuleManager: Shutting down and abandoning module SizeMap (444)
[2017.11.08-00.21.17:475][564]LogModuleManager: Shutting down and abandoning module TreeMap (442)
[2017.11.08-00.21.17:475][564]LogModuleManager: Shutting down and abandoning module ReferenceViewer (440)
[2017.11.08-00.21.17:475][564]LogModuleManager: Shutting down and abandoning module LocalizationDashboard (438)
[2017.11.08-00.21.17:475][564]LogModuleManager: Shutting down and abandoning module LocalizationService (437)
[2017.11.08-00.21.17:475][564]LogModuleManager: Shutting down and abandoning module HardwareTargeting (434)
[2017.11.08-00.21.17:475][564]LogModuleManager: Shutting down and abandoning module DeviceProfileEditor (432)
[2017.11.08-00.21.17:475][564]LogModuleManager: Shutting down and abandoning module UndoHistory (430)
[2017.11.08-00.21.17:475][564]LogModuleManager: Shutting down and abandoning module XmlParser (428)
[2017.11.08-00.21.17:475][564]LogModuleManager: Shutting down and abandoning module Blutility (426)
[2017.11.08-00.21.17:475][564]LogModuleManager: Shutting down and abandoning module ProjectSettingsViewer (424)
[2017.11.08-00.21.17:475][564]LogModuleManager: Shutting down and abandoning module ProjectTargetPlatformEditor (423)
[2017.11.08-00.21.17:475][564]LogModuleManager: Shutting down and abandoning module EditorSettingsViewer (420)
[2017.11.08-00.21.17:475][564]LogModuleManager: Shutting down and abandoning module SettingsEditor (418)
[2017.11.08-00.21.17:475][564]LogModuleManager: Shutting down and abandoning module ProjectLauncher (416)
[2017.11.08-00.21.17:476][564]LogModuleManager: Shutting down and abandoning module SessionFrontend (414)
[2017.11.08-00.21.17:476][564]LogModuleManager: Shutting down and abandoning module ProfilerClient (412)
[2017.11.08-00.21.17:476][564]LogModuleManager: Shutting down and abandoning module DeviceManager (410)
[2017.11.08-00.21.17:476][564]LogModuleManager: Shutting down and abandoning module TargetDeviceServices (409)
[2017.11.08-00.21.17:541][564]LogModuleManager: Shutting down and abandoning module AutomationController (406)
[2017.11.08-00.21.17:541][564]LogModuleManager: Shutting down and abandoning module AutomationWindow (404)
[2017.11.08-00.21.17:541][564]LogModuleManager: Shutting down and abandoning module Layers (402)
[2017.11.08-00.21.17:541][564]LogModuleManager: Shutting down and abandoning module ComponentVisualizers (400)
[2017.11.08-00.21.17:541][564]LogModuleManager: Shutting down and abandoning module DetailCustomizations (398)
[2017.11.08-00.21.17:541][564]LogModuleManager: Shutting down and abandoning module PackagesDialog (396)
[2017.11.08-00.21.17:541][564]LogModuleManager: Shutting down and abandoning module Persona (394)
[2017.11.08-00.21.17:541][564]LogModuleManager: Shutting down and abandoning module AdvancedPreviewScene (393)
[2017.11.08-00.21.17:541][564]LogModuleManager: Shutting down and abandoning module AnimGraph (391)
[2017.11.08-00.21.17:541][564]LogModuleManager: Shutting down and abandoning module Kismet (388)
[2017.11.08-00.21.17:542][564]LogModuleManager: Shutting down and abandoning module ClassViewer (386)
[2017.11.08-00.21.17:542][564]LogModuleManager: Shutting down and abandoning module Toolbox (384)
[2017.11.08-00.21.17:542][564]LogModuleManager: Shutting down and abandoning module ModuleUI (382)
[2017.11.08-00.21.17:542][564]LogModuleManager: Shutting down and abandoning module MovieSceneTools (380)
[2017.11.08-00.21.17:542][564]LogModuleManager: Shutting down and abandoning module OutputLog (378)
[2017.11.08-00.21.17:542][564]LogModuleManager: Shutting down and abandoning module GammaUI (376)
[2017.11.08-00.21.17:542][564]LogModuleManager: Shutting down and abandoning module Documentation (374)
[2017.11.08-00.21.17:542][564]LogModuleManager: Shutting down and abandoning module MovieSceneTracks (372)
[2017.11.08-00.21.17:542][564]LogModuleManager: Shutting down and abandoning module MovieScene (370)
[2017.11.08-00.21.17:542][564]LogModuleManager: Shutting down and abandoning module StreamingPauseRendering (368)
[2017.11.08-00.21.17:542][564]LogModuleManager: Shutting down and abandoning module LauncherPlatform (366)
[2017.11.08-00.21.17:542][564]LogModuleManager: Shutting down and abandoning module AnalyticsET (364)
[2017.11.08-00.21.17:542][564]LogModuleManager: Shutting down and abandoning module PortalServices (362)
[2017.11.08-00.21.17:542][564]LogModuleManager: Shutting down and abandoning module PortalRpc (360)
[2017.11.08-00.21.17:542][564]LogModuleManager: Shutting down and abandoning module MessagingRpc (358)
[2017.11.08-00.21.17:542][564]LogModuleManager: Shutting down and abandoning module AIModule (356)
[2017.11.08-00.21.17:542][564]LogModuleManager: Shutting down and abandoning module GameplayDebugger (355)
[2017.11.08-00.21.17:542][564]LogModuleManager: Shutting down and abandoning module AITestSuite (353)
[2017.11.08-00.21.17:542][564]LogModuleManager: Shutting down and abandoning module DesktopPlatform (350)
[2017.11.08-00.21.17:543][564]LogModuleManager: Shutting down and abandoning module ProfilerService (348)
[2017.11.08-00.21.17:705][564]LogModuleManager: Shutting down and abandoning module TaskGraph (346)
[2017.11.08-00.21.17:705][564]LogModuleManager: Shutting down and abandoning module SteamVRController (344)
[2017.11.08-00.21.17:705][564]LogModuleManager: Shutting down and abandoning module ProceduralMeshComponentEditor (342)
[2017.11.08-00.21.17:705][564]LogModuleManager: Shutting down and abandoning module ProceduralMeshComponent (340)
[2017.11.08-00.21.17:705][564]LogModuleManager: Shutting down and abandoning module OculusInput (338)
[2017.11.08-00.21.17:706][564]LogModuleManager: Shutting down and abandoning module MobilePatchingUtils (336)
[2017.11.08-00.21.17:706][564]LogModuleManager: Shutting down and abandoning module CustomMeshComponent (334)
[2017.11.08-00.21.17:706][564]LogModuleManager: Shutting down and abandoning module CableComponent (332)
[2017.11.08-00.21.17:706][564]LogModuleManager: Shutting down and abandoning module ArchVisCharacter (330)
[2017.11.08-00.21.17:706][564]LogModuleManager: Shutting down and abandoning module AndroidPermission (328)
[2017.11.08-00.21.17:706][564]LogModuleManager: Shutting down and abandoning module ActorSequence (324)
[2017.11.08-00.21.17:706][564]LogModuleManager: Shutting down and abandoning module MediaPlayerEditor (322)
[2017.11.08-00.21.17:706][564]LogModuleManager: Shutting down and abandoning module MediaCompositingEditor (320)
[2017.11.08-00.21.17:706][564]LogModuleManager: Shutting down and abandoning module MediaCompositing (318)
[2017.11.08-00.21.17:706][564]LogModuleManager: Shutting down and abandoning module HTML5Networking (316)
[2017.11.08-00.21.17:706][564]LogModuleManager: Shutting down and abandoning module AlembicImporter (314)
[2017.11.08-00.21.17:706][564]LogModuleManager: Shutting down and abandoning module AlembicLibrary (313)
[2017.11.08-00.21.17:706][564]LogModuleManager: Shutting down and abandoning module GeometryCache (312)
[2017.11.08-00.21.17:706][564]LogModuleManager: Shutting down and abandoning module GeometryCacheEd (311)
[2017.11.08-00.21.17:706][564]LogModuleManager: Shutting down and abandoning module SpeedTreeImporter (306)
[2017.11.08-00.21.17:706][564]LogModuleManager: Shutting down and abandoning module PluginBrowser (304)
[2017.11.08-00.21.17:706][564]LogModuleManager: Shutting down and abandoning module MobileLauncherProfileWizard (302)
[2017.11.08-00.21.17:706][564]LogModuleManager: Shutting down and abandoning module VisualStudioSourceCodeAccess (300)
[2017.11.08-00.21.17:706][564]LogModuleManager: Shutting down and abandoning module VisualStudioCodeSourceCodeAccess (298)
[2017.11.08-00.21.17:706][564]LogModuleManager: Shutting down and abandoning module UObjectPlugin (296)
[2017.11.08-00.21.17:706][564]LogModuleManager: Shutting down and abandoning module SubversionSourceControl (294)
[2017.11.08-00.21.17:706][564]LogModuleManager: Shutting down and abandoning module PerforceSourceControl (292)
[2017.11.08-00.21.17:706][564]LogModuleManager: Shutting down and abandoning module GitSourceControl (290)
[2017.11.08-00.21.17:706][564]LogModuleManager: Shutting down and abandoning module SourceControl (289)
[2017.11.08-00.21.17:706][564]LogModuleManager: Shutting down and abandoning module LightPropagationVolumeEditor (286)
[2017.11.08-00.21.17:706][564]LogModuleManager: Shutting down and abandoning module PaperTiledImporter (284)
[2017.11.08-00.21.17:706][564]LogModuleManager: Shutting down and abandoning module PaperSpriteSheetImporter (282)
[2017.11.08-00.21.17:706][564]LogModuleManager: Shutting down and abandoning module Paper2DEditor (280)
[2017.11.08-00.21.17:706][564]LogModuleManager: Shutting down and abandoning module MeshPaint (279)
[2017.11.08-00.21.17:707][564]LogModuleManager: Shutting down and abandoning module LevelEditor (277)
[2017.11.08-00.21.17:708][564]LogModuleManager: Shutting down and abandoning module PixelInspectorModule (276)
[2017.11.08-00.21.17:708][564]LogModuleManager: Shutting down and abandoning module MainFrame (274)
[2017.11.08-00.21.17:708][564]LogModuleManager: Shutting down and abandoning module HotReload (273)
[2017.11.08-00.21.17:708][564]LogModuleManager: Shutting down and abandoning module RuntimePhysXCooking (268)
[2017.11.08-00.21.17:708][564]LogModuleManager: Shutting down and abandoning module PhysXVehiclesEditor (266)
[2017.11.08-00.21.17:708][564]LogModuleManager: Shutting down and abandoning module PhysXVehicles (264)
[2017.11.08-00.21.17:708][564]LogModuleManager: Shutting down and abandoning module OculusEditor (262)
[2017.11.08-00.21.17:708][564]LogModuleManager: Shutting down and abandoning module LocationServicesBPLibrary (260)
[2017.11.08-00.21.17:708][564]LogModuleManager: Shutting down and abandoning module ImmediatePhysicsEditor (258)
[2017.11.08-00.21.17:708][564]LogModuleManager: Shutting down and abandoning module ImmediatePhysics (256)
[2017.11.08-00.21.17:708][564]LogModuleManager: Shutting down and abandoning module UdpMessaging (254)
[2017.11.08-00.21.17:809][564]LogModuleManager: Shutting down and abandoning module TcpMessaging (252)
[2017.11.08-00.21.17:910][564]LogModuleManager: Shutting down and abandoning module GameplayTagsEditor (250)
[2017.11.08-00.21.17:910][564]LogModuleManager: Shutting down and abandoning module FacialAnimationEditor (248)
[2017.11.08-00.21.17:910][564]LogModuleManager: Shutting down and abandoning module FacialAnimation (246)
[2017.11.08-00.21.17:910][564]LogModuleManager: Shutting down and abandoning module AssetManagerEditor (244)
[2017.11.08-00.21.17:910][564]LogModuleManager: Shutting down and abandoning module GraphEditor (243)
[2017.11.08-00.21.17:910][564]LogModuleManager: Shutting down and abandoning module ContentBrowser (241)
[2017.11.08-00.21.17:911][564]LogModuleManager: Shutting down and abandoning module LightPropagationVolumeRuntime (238)
[2017.11.08-00.21.17:911][564]LogModuleManager: Shutting down and abandoning module Paper2D (236)
[2017.11.08-00.21.17:911][564]LogModuleManager: Shutting down and abandoning module WindowsMoviePlayer (234)
[2017.11.08-00.21.17:911][564]LogModuleManager: Shutting down and abandoning module WmfMedia (232)
[2017.11.08-00.21.17:912][564]LogModuleManager: Shutting down and abandoning module ImgMedia (230)
[2017.11.08-00.21.17:912][564]LogModuleManager: Shutting down and abandoning module PacketHandler (228)
[2017.11.08-00.21.17:912][564]LogModuleManager: Shutting down and abandoning module ClothingSystemEditor (226)
[2017.11.08-00.21.17:912][564]LogModuleManager: Shutting down and abandoning module ClothingSystemRuntime (224)
[2017.11.08-00.21.17:912][564]LogModuleManager: Shutting down and abandoning module MediaAssets (222)
[2017.11.08-00.21.17:912][564]LogModuleManager: Shutting down and abandoning module Media (221)
[2017.11.08-00.21.17:918][564]LogModuleManager: Shutting down and abandoning module Overlay (218)
[2017.11.08-00.21.17:918][564]LogModuleManager: Shutting down and abandoning module OverlayEditor (217)
[2017.11.08-00.21.17:918][564]LogModuleManager: Shutting down and abandoning module VREditor (214)
[2017.11.08-00.21.17:918][564]LogModuleManager: Shutting down and abandoning module StringTableEditor (212)
[2017.11.08-00.21.17:918][564]LogModuleManager: Shutting down and abandoning module GameplayTasksEditor (210)
[2017.11.08-00.21.17:918][564]LogModuleManager: Shutting down and abandoning module BehaviorTreeEditor (208)
[2017.11.08-00.21.17:918][564]LogModuleManager: Shutting down and abandoning module FunctionalTesting (206)
[2017.11.08-00.21.17:918][564]LogModuleManager: Shutting down and abandoning module CollisionAnalyzer (204)
[2017.11.08-00.21.17:919][564]LogModuleManager: Shutting down and abandoning module WorkspaceMenuStructure (203)
[2017.11.08-00.21.17:919][564]LogModuleManager: Shutting down and abandoning module UMG (200)
[2017.11.08-00.21.17:919][564]LogModuleManager: Shutting down and abandoning module UMGEditor (199)
[2017.11.08-00.21.17:919][564]LogModuleManager: Shutting down and abandoning module Sequencer (198)
[2017.11.08-00.21.17:919][564]LogModuleManager: Shutting down and abandoning module MessageLog (195)
[2017.11.08-00.21.17:919][564]LogModuleManager: Shutting down and abandoning module SlateReflector (190)
[2017.11.08-00.21.17:919][564]LogModuleManager: Shutting down and abandoning module Slate (188)
[2017.11.08-00.21.17:919][564]LogModuleManager: Shutting down and abandoning module EditorStyle (186)
[2017.11.08-00.21.17:922][564]LogModuleManager: Shutting down and abandoning module MRMesh (184)
[2017.11.08-00.21.17:922][564]LogModuleManager: Shutting down and abandoning module SourceCodeAccess (182)
[2017.11.08-00.21.17:922][564]LogModuleManager: Shutting down and abandoning module HeadMountedDisplay (180)
[2017.11.08-00.21.17:922][564]LogModuleManager: Shutting down and abandoning module XAudio2 (178)
[2017.11.08-00.21.17:922][564]LogModuleManager: Shutting down and abandoning module Networking (176)
[2017.11.08-00.21.17:922][564]LogModuleManager: Shutting down and abandoning module Core (172)
[2017.11.08-00.21.17:922][564]LogModuleManager: Shutting down and abandoning module LevelSequence (168)
[2017.11.08-00.21.17:922][564]LogModuleManager: Shutting down and abandoning module DirectoryWatcher (166)
[2017.11.08-00.21.17:923][564]LogModuleManager: Shutting down and abandoning module KismetCompiler (164)
[2017.11.08-00.21.17:923][564]LogModuleManager: Shutting down and abandoning module MeshUtilities (162)
[2017.11.08-00.21.17:923][564]LogModuleManager: Shutting down and abandoning module MeshMergeUtilities (161)
[2017.11.08-00.21.17:923][564]LogModuleManager: Shutting down and abandoning module MeshReductionInterface (160)
[2017.11.08-00.21.17:923][564]LogModuleManager: Shutting down and abandoning module SimplygonSwarm (159)
[2017.11.08-00.21.17:923][564]LogModuleManager: Shutting down and abandoning module SimplygonMeshReduction (157)
[2017.11.08-00.21.17:923][564]LogModuleManager: Shutting down and abandoning module QuadricMeshReduction (155)
[2017.11.08-00.21.17:923][564]LogModuleManager: Shutting down and abandoning module MaterialBaking (151)
[2017.11.08-00.21.17:923][564]LogModuleManager: Shutting down and abandoning module DerivedDataCache (148)
[2017.11.08-00.21.17:969][564]LogDerivedDataCache: Shutdown
[2017.11.08-00.21.17:969][564]LogModuleManager: Shutting down and abandoning module TargetPlatform (146)
[2017.11.08-00.21.17:969][564]LogModuleManager: Shutting down and abandoning module VulkanShaderFormat (145)
[2017.11.08-00.21.17:969][564]LogModuleManager: Shutting down and abandoning module ShaderFormatVectorVM (143)
[2017.11.08-00.21.17:970][564]LogModuleManager: Shutting down and abandoning module ShaderFormatOpenGL (141)
[2017.11.08-00.21.17:970][564]LogModuleManager: Shutting down and abandoning module ShaderFormatD3D (139)
[2017.11.08-00.21.17:970][564]LogModuleManager: Shutting down and abandoning module MetalShaderFormat (137)
[2017.11.08-00.21.17:970][564]LogModuleManager: Shutting down and abandoning module TextureFormatUncompressed (135)
[2017.11.08-00.21.17:970][564]LogModuleManager: Shutting down and abandoning module TextureFormatPVR (133)
[2017.11.08-00.21.17:970][564]LogModuleManager: Shutting down and abandoning module TextureFormatDXT (131)
[2017.11.08-00.21.17:970][564]LogModuleManager: Shutting down and abandoning module TextureFormatIntelISPCTexComp (129)
[2017.11.08-00.21.17:970][564]LogModuleManager: Shutting down and abandoning module TextureFormatASTC (127)
[2017.11.08-00.21.17:970][564]LogModuleManager: Shutting down and abandoning module ImageWrapper (126)
[2017.11.08-00.21.17:970][564]LogModuleManager: Shutting down and abandoning module TextureFormatAndroid (123)
[2017.11.08-00.21.17:970][564]LogModuleManager: Shutting down and abandoning module AudioFormatOpus (121)
[2017.11.08-00.21.17:970][564]LogModuleManager: Shutting down and abandoning module AudioFormatOgg (119)
[2017.11.08-00.21.17:970][564]LogModuleManager: Shutting down and abandoning module AudioFormatADPCM (117)
[2017.11.08-00.21.17:970][564]LogModuleManager: Shutting down and abandoning module LinuxTargetPlatform (115)
[2017.11.08-00.21.17:970][564]LogModuleManager: Shutting down and abandoning module LinuxServerTargetPlatform (113)
[2017.11.08-00.21.17:970][564]LogModuleManager: Shutting down and abandoning module LinuxNoEditorTargetPlatform (111)
[2017.11.08-00.21.17:970][564]LogModuleManager: Shutting down and abandoning module LinuxClientTargetPlatform (109)
[2017.11.08-00.21.17:970][564]LogModuleManager: Shutting down and abandoning module TVOSTargetPlatform (107)
[2017.11.08-00.21.17:970][564]LogModuleManager: Shutting down and abandoning module Messaging (105)
[2017.11.08-00.21.17:970][564]LogModuleManager: Shutting down and abandoning module IOSTargetPlatform (103)
[2017.11.08-00.21.17:970][564]LogModuleManager: Shutting down and abandoning module HTML5TargetPlatform (101)
[2017.11.08-00.21.17:970][564]LogModuleManager: Shutting down and abandoning module AndroidTargetPlatform (99)
[2017.11.08-00.21.17:970][564]LogModuleManager: Shutting down and abandoning module Android_PVRTCTargetPlatform (97)
[2017.11.08-00.21.17:970][564]LogModuleManager: Shutting down and abandoning module Android_MultiTargetPlatform (95)
[2017.11.08-00.21.17:970][564]LogModuleManager: Shutting down and abandoning module Android_ETC2TargetPlatform (93)
[2017.11.08-00.21.17:970][564]LogModuleManager: Shutting down and abandoning module Android_ETC1TargetPlatform (91)
[2017.11.08-00.21.17:970][564]LogModuleManager: Shutting down and abandoning module Android_DXTTargetPlatform (89)
[2017.11.08-00.21.17:970][564]LogModuleManager: Shutting down and abandoning module Android_ATCTargetPlatform (87)
[2017.11.08-00.21.17:970][564]LogModuleManager: Shutting down and abandoning module Android_ASTCTargetPlatform (85)
[2017.11.08-00.21.17:970][564]LogModuleManager: Shutting down and abandoning module WindowsTargetPlatform (83)
[2017.11.08-00.21.17:970][564]LogModuleManager: Shutting down and abandoning module WindowsServerTargetPlatform (81)
[2017.11.08-00.21.17:970][564]LogModuleManager: Shutting down and abandoning module WindowsNoEditorTargetPlatform (79)
[2017.11.08-00.21.17:970][564]LogModuleManager: Shutting down and abandoning module WindowsClientTargetPlatform (77)
[2017.11.08-00.21.17:970][564]LogModuleManager: Shutting down and abandoning module MacTargetPlatform (75)
[2017.11.08-00.21.17:970][564]LogModuleManager: Shutting down and abandoning module MacServerTargetPlatform (73)
[2017.11.08-00.21.17:970][564]LogModuleManager: Shutting down and abandoning module MacNoEditorTargetPlatform (71)
[2017.11.08-00.21.17:970][564]LogModuleManager: Shutting down and abandoning module MacClientTargetPlatform (69)
[2017.11.08-00.21.17:970][564]LogModuleManager: Shutting down and abandoning module AllDesktopTargetPlatform (67)
[2017.11.08-00.21.17:970][564]LogModuleManager: Shutting down and abandoning module InputCore (64)
[2017.11.08-00.21.17:971][564]LogModuleManager: Shutting down and abandoning module Settings (62)
[2017.11.08-00.21.17:971][564]LogModuleManager: Shutting down and abandoning module PhysXCooking (60)
[2017.11.08-00.21.17:971][564]LogModuleManager: Shutting down and abandoning module SteamVR (58)
[2017.11.08-00.21.17:971][564]LogModuleManager: Shutting down and abandoning module OculusHMD (56)
[2017.11.08-00.21.17:971][564]LogModuleManager: Shutting down and abandoning module ExampleDeviceProfileSelector (54)
[2017.11.08-00.21.17:971][564]LogModuleManager: Shutting down and abandoning module AppleARKit (52)
[2017.11.08-00.21.17:971][564]LogModuleManager: Shutting down and abandoning module AugmentedReality (51)
[2017.11.08-00.21.17:971][564]LogModuleManager: Shutting down and abandoning module OnlineBlueprintSupport (48)
[2017.11.08-00.21.17:971][564]LogModuleManager: Shutting down and abandoning module OnlineSubsystem (44)
[2017.11.08-00.21.17:971][564]LogModuleManager: Shutting down and abandoning module XMPP (43)
[2017.11.08-00.21.17:971][564]LogModuleManager: Shutting down and abandoning module HTTP (41)
[2017.11.08-00.21.17:971][564]LogHttp: Display: Http module shutting down, but needs to wait on 1 outstanding Http requests:
[2017.11.08-00.21.17:971][564]LogHttp: Display: 	verb=[POST] url=[https://datarouter.ol.epicgames.com/datarouter/api/v1/public/data?SessionID=%7B22759366-4CC0-7DC5-D6E9-0CAFF92993C1%7D&AppID=UEEditor.Rocket.Release&AppVersion=4.18.0-3709383%2B%2B%2BUE4%2BRelease-4.18&UserID=6945d4344fa2484b494706836640943c%7Ca6beda8427204789a6015ed78a4b9b45%7Cc6930073-a6ca-4a7f-8b85-cb55e35894f8&AppEnvironment=datacollector-binary&UploadType=eteventstream] status=Processing
[2017.11.08-00.21.17:996][564]LogModuleManager: Shutting down and abandoning module SSL (40)
[2017.11.08-00.21.17:997][564]LogModuleManager: Shutting down and abandoning module AnimationModifiers (36)
[2017.11.08-00.21.17:998][564]LogModuleManager: Shutting down and abandoning module PropertyEditor (35)
[2017.11.08-00.21.17:998][564]LogModuleManager: Shutting down and abandoning module AudioEditor (32)
[2017.11.08-00.21.17:998][564]LogModuleManager: Shutting down and abandoning module TextureCompressor (30)
[2017.11.08-00.21.17:998][564]LogModuleManager: Shutting down and abandoning module ShaderCore (28)
[2017.11.08-00.21.17:998][564]LogModuleManager: Shutting down and abandoning module Landscape (26)
[2017.11.08-00.21.17:998][564]LogModuleManager: Shutting down and abandoning module SlateRHIRenderer (24)
[2017.11.08-00.21.17:999][564]LogModuleManager: Shutting down and abandoning module OpenGLDrv (22)
[2017.11.08-00.21.17:999][564]LogModuleManager: Shutting down and abandoning module D3D11RHI (20)
[2017.11.08-00.21.17:999][564]LogModuleManager: Shutting down and abandoning module AnimGraphRuntime (18)
[2017.11.08-00.21.17:999][564]LogModuleManager: Shutting down and abandoning module Renderer (16)
[2017.11.08-00.21.17:999][564]LogModuleManager: Shutting down and abandoning module Engine (14)
[2017.11.08-00.21.17:999][564]LogModuleManager: Shutting down and abandoning module CoreUObject (12)
[2017.11.08-00.21.17:999][564]LogModuleManager: Shutting down and abandoning module NetworkFile (10)
[2017.11.08-00.21.17:999][564]LogModuleManager: Shutting down and abandoning module CookedIterativeFile (8)
[2017.11.08-00.21.17:999][564]LogModuleManager: Shutting down and abandoning module StreamingFile (6)
[2017.11.08-00.21.17:999][564]LogModuleManager: Shutting down and abandoning module SandboxFile (4)
[2017.11.08-00.21.17:999][564]LogModuleManager: Shutting down and abandoning module PakFile (2)
[2017.11.08-00.21.18:002][564]LogExit: Exiting.
[2017.11.08-00.21.18:019][564]Log file closed, 11/07/17 22:21:18
